Fmax Summary report for Lab3
Fri Nov 10 18:01:30 2017
Quartus II 64-Bit Version 13.0.1 Build 232 06/12/2013 Service Pack 1 SJ Web Edition


---------------------
; Table of Contents ;
---------------------
  1. Legal Notice
  2. Slow Model Fmax Summary



----------------
; Legal Notice ;
----------------
Copyright (C) 1991-2013 Altera Corporation
Your use of Altera Corporation's design tools, logic functions 
and other software and tools, and its AMPP partner logic 
functions, and any output files from any of the foregoing 
(including device programming or simulation files), and any 
associated documentation or information are expressly subject 
to the terms and conditions of the Altera Program License 
Subscription Agreement, Altera MegaCore Function License 
Agreement, or other applicable license agreement, including, 
without limitation, that your use is for the sole purpose of 
programming logic devices manufactured by Altera and sold by 
Altera or its authorized distributors.  Please refer to the 
applicable agreement for further details.



------------------------------------------------
;            Slow Model Fmax Summary           ;
------------------------------------------------
; Fmax               ; Restricted Fmax  ; Clock Name ;
+---------------------+--------+---------------+
; 116.22 MHz ;         97.531 ; 0.000         ;
+---------------------+--------+---------------+


