TimeQuest Timing Analyzer report for Lab3
Fri Nov 10 18:23:45 2017
Quartus II 64-Bit Version 13.0.1 Build 232 06/12/2013 Service Pack 1 SJ Web Edition


---------------------
; Table of Contents ;
---------------------
  1. Legal Notice
  2. TimeQuest Timing Analyzer Summary
  3. Parallel Compilation
  4. Clocks
  5. Slow Model Fmax Summary
  6. Slow Model Setup Summary
  7. Slow Model Hold Summary
  8. Slow Model Recovery Summary
  9. Slow Model Removal Summary
 10. Slow Model Minimum Pulse Width Summary
 11. Slow Model Minimum Pulse Width: 'altera_reserved_tck'
 12. Propagation Delay
 13. Minimum Propagation Delay
 14. Fast Model Setup Summary
 15. Fast Model Hold Summary
 16. Fast Model Recovery Summary
 17. Fast Model Removal Summary
 18. Fast Model Minimum Pulse Width Summary
 19. Fast Model Minimum Pulse Width: 'altera_reserved_tck'
 20. Propagation Delay
 21. Minimum Propagation Delay
 22. Multicorner Timing Analysis Summary
 23. Progagation Delay
 24. Minimum Progagation Delay
 25. Clock Transfers
 26. Report TCCS
 27. Report RSKM
 28. Unconstrained Paths
 29. TimeQuest Timing Analyzer Messages



----------------
; Legal Notice ;
----------------
Copyright (C) 1991-2013 Altera Corporation
Your use of Altera Corporation's design tools, logic functions 
and other software and tools, and its AMPP partner logic 
functions, and any output files from any of the foregoing 
(including device programming or simulation files), and any 
associated documentation or information are expressly subject 
to the terms and conditions of the Altera Program License 
Subscription Agreement, Altera MegaCore Function License 
Agreement, or other applicable license agreement, including, 
without limitation, that your use is for the sole purpose of 
programming logic devices manufactured by Altera and sold by 
Altera or its authorized distributors.  Please refer to the 
applicable agreement for further details.



+----------------------------------------------------------------------------------------+
; TimeQuest Timing Analyzer Summary                                                      ;
+--------------------+-------------------------------------------------------------------+
; Quartus II Version ; Version 13.0.1 Build 232 06/12/2013 Service Pack 1 SJ Web Edition ;
; Revision Name      ; Lab3                                                              ;
; Device Family      ; Cyclone II                                                        ;
; Device Name        ; EP2C20F484C7                                                      ;
; Timing Models      ; Final                                                             ;
; Delay Model        ; Combined                                                          ;
; Rise/Fall Delays   ; Unavailable                                                       ;
+--------------------+-------------------------------------------------------------------+


+------------------------------------------+
; Parallel Compilation                     ;
+----------------------------+-------------+
; Processors                 ; Number      ;
+----------------------------+-------------+
; Number detected on machine ; 4           ;
; Maximum allowed            ; 2           ;
;                            ;             ;
; Average used               ; 1.00        ;
; Maximum used               ; 1           ;
;                            ;             ;
; Usage by Processor         ; % Time Used ;
;     Processor 1            ; 100.0%      ;
;     Processors 2-4         ;   0.0%      ;
+----------------------------+-------------+


+-----------------------------------------------------------------------------------------------------------------------------------------------------------------------------------------------------------+
; Clocks                                                                                                                                                                                                    ;
+---------------------+------+---------+-----------+-------+--------+------------+-----------+-------------+-------+--------+-----------+------------+----------+--------+--------+-------------------------+
; Clock Name          ; Type ; Period  ; Frequency ; Rise  ; Fall   ; Duty Cycle ; Divide by ; Multiply by ; Phase ; Offset ; Edge List ; Edge Shift ; Inverted ; Master ; Source ; Targets                 ;
+---------------------+------+---------+-----------+-------+--------+------------+-----------+-------------+-------+--------+-----------+------------+----------+--------+--------+-------------------------+
; altera_reserved_tck ; Base ; 100.000 ; 10.0 MHz  ; 0.000 ; 50.000 ;            ;           ;             ;       ;        ;           ;            ;          ;        ;        ; { altera_reserved_tck } ;
+---------------------+------+---------+-----------+-------+--------+------------+-----------+-------------+-------+--------+-----------+------------+----------+--------+--------+-------------------------+


---------------------------
; Slow Model Fmax Summary ;
---------------------------
No paths to report.


----------------------------
; Slow Model Setup Summary ;
----------------------------
No paths to report.


---------------------------
; Slow Model Hold Summary ;
---------------------------
No paths to report.


-------------------------------
; Slow Model Recovery Summary ;
-------------------------------
No paths to report.


------------------------------
; Slow Model Removal Summary ;
------------------------------
No paths to report.


+----------------------------------------------+
; Slow Model Minimum Pulse Width Summary       ;
+---------------------+--------+---------------+
; Clock               ; Slack  ; End Point TNS ;
+---------------------+--------+---------------+
; altera_reserved_tck ; 97.531 ; 0.000         ;
+---------------------+--------+---------------+


+-------------------------------------------------------------------------------------------------------------+
; Slow Model Minimum Pulse Width: 'altera_reserved_tck'                                                       ;
+--------+--------------+----------------+-----------+---------------------+------------+---------------------+
; Slack  ; Actual Width ; Required Width ; Type      ; Clock               ; Clock Edge ; Target              ;
+--------+--------------+----------------+-----------+---------------------+------------+---------------------+
; 97.531 ; 100.000      ; 2.469          ; Port Rate ; altera_reserved_tck ; Rise       ; altera_reserved_tck ;
+--------+--------------+----------------+-----------+---------------------+------------+---------------------+


+-----------------------------------------------------------------+
; Propagation Delay                                               ;
+------------+----------------+--------+--------+--------+--------+
; Input Port ; Output Port    ; RR     ; RF     ; FR     ; FF     ;
+------------+----------------+--------+--------+--------+--------+
; ADDR[0]    ; 7_SEGMENT_1[0] ; 21.010 ; 21.010 ; 21.010 ; 21.010 ;
; ADDR[0]    ; 7_SEGMENT_1[1] ; 21.047 ; 21.047 ; 21.047 ; 21.047 ;
; ADDR[0]    ; 7_SEGMENT_1[2] ; 20.735 ; 20.735 ; 20.735 ; 20.735 ;
; ADDR[0]    ; 7_SEGMENT_1[3] ; 21.067 ; 21.067 ; 21.067 ; 21.067 ;
; ADDR[0]    ; 7_SEGMENT_1[4] ; 21.066 ; 21.066 ; 21.066 ; 21.066 ;
; ADDR[0]    ; 7_SEGMENT_1[5] ; 21.070 ; 21.070 ; 21.070 ; 21.070 ;
; ADDR[0]    ; 7_SEGMENT_1[6] ; 20.744 ; 20.744 ; 20.744 ; 20.744 ;
; ADDR[0]    ; 7_SEGMENT_2[0] ; 20.174 ; 20.174 ; 20.174 ; 20.174 ;
; ADDR[0]    ; 7_SEGMENT_2[2] ; 19.860 ; 19.860 ; 19.860 ; 19.860 ;
; ADDR[0]    ; 7_SEGMENT_2[3] ; 20.164 ; 20.164 ; 20.164 ; 20.164 ;
; ADDR[0]    ; 7_SEGMENT_2[4] ; 17.758 ; 17.758 ; 17.758 ; 17.758 ;
; ADDR[0]    ; 7_SEGMENT_2[5] ; 19.825 ; 19.825 ; 19.825 ; 19.825 ;
; ADDR[0]    ; 7_SEGMENT_2[6] ; 19.863 ; 19.863 ; 19.863 ; 19.863 ;
; ADDR[0]    ; FLOOR[0]       ; 17.980 ; 17.980 ; 17.980 ; 17.980 ;
; ADDR[0]    ; FLOOR[1]       ; 17.458 ; 17.458 ; 17.458 ; 17.458 ;
; ADDR[0]    ; FLOOR[2]       ; 18.131 ; 18.131 ; 18.131 ; 18.131 ;
; ADDR[0]    ; O[0]           ; 18.128 ; 18.128 ; 18.128 ; 18.128 ;
; ADDR[0]    ; O[1]           ; 19.546 ; 19.546 ; 19.546 ; 19.546 ;
; ADDR[0]    ; O[2]           ; 20.372 ; 20.372 ; 20.372 ; 20.372 ;
; ADDR[0]    ; O[3]           ; 20.196 ; 20.196 ; 20.196 ; 20.196 ;
; ADDR[0]    ; VALUE[0]       ; 13.735 ; 13.735 ; 13.735 ; 13.735 ;
; ADDR[0]    ; VALUE[1]       ; 13.407 ; 13.407 ; 13.407 ; 13.407 ;
; ADDR[0]    ; VALUE[2]       ; 12.948 ; 12.948 ; 12.948 ; 12.948 ;
; ADDR[0]    ; VALUE[3]       ; 14.628 ; 14.628 ; 14.628 ; 14.628 ;
; ADDR[0]    ; VALUE[4]       ; 14.253 ; 14.253 ; 14.253 ; 14.253 ;
; ADDR[0]    ; VALUE[5]       ; 15.168 ; 15.168 ; 15.168 ; 15.168 ;
; ADDR[1]    ; 7_SEGMENT_1[0] ; 22.131 ; 22.131 ; 22.131 ; 22.131 ;
; ADDR[1]    ; 7_SEGMENT_1[1] ; 22.168 ; 22.168 ; 22.168 ; 22.168 ;
; ADDR[1]    ; 7_SEGMENT_1[2] ; 21.856 ; 21.856 ; 21.856 ; 21.856 ;
; ADDR[1]    ; 7_SEGMENT_1[3] ; 22.188 ; 22.188 ; 22.188 ; 22.188 ;
; ADDR[1]    ; 7_SEGMENT_1[4] ; 22.187 ; 22.187 ; 22.187 ; 22.187 ;
; ADDR[1]    ; 7_SEGMENT_1[5] ; 22.191 ; 22.191 ; 22.191 ; 22.191 ;
; ADDR[1]    ; 7_SEGMENT_1[6] ; 21.865 ; 21.865 ; 21.865 ; 21.865 ;
; ADDR[1]    ; 7_SEGMENT_2[0] ; 21.295 ; 21.295 ; 21.295 ; 21.295 ;
; ADDR[1]    ; 7_SEGMENT_2[2] ; 20.981 ; 20.981 ; 20.981 ; 20.981 ;
; ADDR[1]    ; 7_SEGMENT_2[3] ; 21.285 ; 21.285 ; 21.285 ; 21.285 ;
; ADDR[1]    ; 7_SEGMENT_2[4] ; 18.879 ; 18.879 ; 18.879 ; 18.879 ;
; ADDR[1]    ; 7_SEGMENT_2[5] ; 20.946 ; 20.946 ; 20.946 ; 20.946 ;
; ADDR[1]    ; 7_SEGMENT_2[6] ; 20.984 ; 20.984 ; 20.984 ; 20.984 ;
; ADDR[1]    ; FLOOR[0]       ; 19.101 ; 19.101 ; 19.101 ; 19.101 ;
; ADDR[1]    ; FLOOR[1]       ; 18.579 ; 18.579 ; 18.579 ; 18.579 ;
; ADDR[1]    ; FLOOR[2]       ; 19.252 ; 19.252 ; 19.252 ; 19.252 ;
; ADDR[1]    ; O[0]           ; 19.249 ; 19.249 ; 19.249 ; 19.249 ;
; ADDR[1]    ; O[1]           ; 20.667 ; 20.667 ; 20.667 ; 20.667 ;
; ADDR[1]    ; O[2]           ; 21.493 ; 21.493 ; 21.493 ; 21.493 ;
; ADDR[1]    ; O[3]           ; 21.317 ; 21.317 ; 21.317 ; 21.317 ;
; ADDR[1]    ; VALUE[0]       ; 13.625 ; 13.625 ; 13.625 ; 13.625 ;
; ADDR[1]    ; VALUE[1]       ; 13.106 ; 13.106 ; 13.106 ; 13.106 ;
; ADDR[1]    ; VALUE[2]       ; 13.924 ; 13.924 ; 13.924 ; 13.924 ;
; ADDR[1]    ; VALUE[3]       ; 15.104 ; 15.104 ; 15.104 ; 15.104 ;
; ADDR[1]    ; VALUE[4]       ; 15.374 ; 15.374 ; 15.374 ; 15.374 ;
; ADDR[1]    ; VALUE[5]       ; 14.800 ; 14.800 ; 14.800 ; 14.800 ;
; ADDR[2]    ; 7_SEGMENT_1[0] ; 20.008 ; 20.008 ; 20.008 ; 20.008 ;
; ADDR[2]    ; 7_SEGMENT_1[1] ; 20.045 ; 20.045 ; 20.045 ; 20.045 ;
; ADDR[2]    ; 7_SEGMENT_1[2] ; 19.733 ; 19.733 ; 19.733 ; 19.733 ;
; ADDR[2]    ; 7_SEGMENT_1[3] ; 20.065 ; 20.065 ; 20.065 ; 20.065 ;
; ADDR[2]    ; 7_SEGMENT_1[4] ; 20.064 ; 20.064 ; 20.064 ; 20.064 ;
; ADDR[2]    ; 7_SEGMENT_1[5] ; 20.068 ; 20.068 ; 20.068 ; 20.068 ;
; ADDR[2]    ; 7_SEGMENT_1[6] ; 19.742 ; 19.742 ; 19.742 ; 19.742 ;
; ADDR[2]    ; 7_SEGMENT_2[0] ; 19.172 ; 19.172 ; 19.172 ; 19.172 ;
; ADDR[2]    ; 7_SEGMENT_2[2] ; 18.858 ; 18.858 ; 18.858 ; 18.858 ;
; ADDR[2]    ; 7_SEGMENT_2[3] ; 19.162 ; 19.162 ; 19.162 ; 19.162 ;
; ADDR[2]    ; 7_SEGMENT_2[4] ; 16.756 ; 16.756 ; 16.756 ; 16.756 ;
; ADDR[2]    ; 7_SEGMENT_2[5] ; 18.823 ; 18.823 ; 18.823 ; 18.823 ;
; ADDR[2]    ; 7_SEGMENT_2[6] ; 18.861 ; 18.861 ; 18.861 ; 18.861 ;
; ADDR[2]    ; FLOOR[0]       ; 16.978 ; 16.978 ; 16.978 ; 16.978 ;
; ADDR[2]    ; FLOOR[1]       ; 16.456 ; 16.456 ; 16.456 ; 16.456 ;
; ADDR[2]    ; FLOOR[2]       ; 17.129 ; 17.129 ; 17.129 ; 17.129 ;
; ADDR[2]    ; O[0]           ; 17.126 ; 17.126 ; 17.126 ; 17.126 ;
; ADDR[2]    ; O[1]           ; 18.544 ; 18.544 ; 18.544 ; 18.544 ;
; ADDR[2]    ; O[2]           ; 19.370 ; 19.370 ; 19.370 ; 19.370 ;
; ADDR[2]    ; O[3]           ; 19.194 ; 19.194 ; 19.194 ; 19.194 ;
; ADDR[2]    ; VALUE[0]       ; 12.152 ; 12.152 ; 12.152 ; 12.152 ;
; ADDR[2]    ; VALUE[1]       ; 11.750 ; 11.750 ; 11.750 ; 11.750 ;
; ADDR[2]    ; VALUE[2]       ; 11.220 ; 11.386 ; 11.386 ; 11.220 ;
; ADDR[2]    ; VALUE[3]       ; 13.443 ; 13.355 ; 13.355 ; 13.443 ;
; ADDR[2]    ; VALUE[4]       ; 13.251 ; 13.251 ; 13.251 ; 13.251 ;
; ADDR[2]    ; VALUE[5]       ; 12.670 ; 11.928 ; 11.928 ; 12.670 ;
; ADDR[3]    ; 7_SEGMENT_1[0] ; 19.212 ; 19.212 ; 19.212 ; 19.212 ;
; ADDR[3]    ; 7_SEGMENT_1[1] ; 19.249 ; 19.249 ; 19.249 ; 19.249 ;
; ADDR[3]    ; 7_SEGMENT_1[2] ; 18.937 ; 18.937 ; 18.937 ; 18.937 ;
; ADDR[3]    ; 7_SEGMENT_1[3] ; 19.269 ; 19.269 ; 19.269 ; 19.269 ;
; ADDR[3]    ; 7_SEGMENT_1[4] ; 19.268 ; 19.268 ; 19.268 ; 19.268 ;
; ADDR[3]    ; 7_SEGMENT_1[5] ; 19.272 ; 19.272 ; 19.272 ; 19.272 ;
; ADDR[3]    ; 7_SEGMENT_1[6] ; 18.946 ; 18.946 ; 18.946 ; 18.946 ;
; ADDR[3]    ; 7_SEGMENT_2[0] ; 18.376 ; 18.376 ; 18.376 ; 18.376 ;
; ADDR[3]    ; 7_SEGMENT_2[2] ; 18.062 ; 18.062 ; 18.062 ; 18.062 ;
; ADDR[3]    ; 7_SEGMENT_2[3] ; 18.366 ; 18.366 ; 18.366 ; 18.366 ;
; ADDR[3]    ; 7_SEGMENT_2[4] ; 15.960 ; 15.960 ; 15.960 ; 15.960 ;
; ADDR[3]    ; 7_SEGMENT_2[5] ; 18.027 ; 18.027 ; 18.027 ; 18.027 ;
; ADDR[3]    ; 7_SEGMENT_2[6] ; 18.065 ; 18.065 ; 18.065 ; 18.065 ;
; ADDR[3]    ; FLOOR[0]       ; 16.182 ; 16.182 ; 16.182 ; 16.182 ;
; ADDR[3]    ; FLOOR[1]       ; 15.660 ; 15.660 ; 15.660 ; 15.660 ;
; ADDR[3]    ; FLOOR[2]       ; 16.333 ; 16.333 ; 16.333 ; 16.333 ;
; ADDR[3]    ; O[0]           ; 16.330 ; 16.330 ; 16.330 ; 16.330 ;
; ADDR[3]    ; O[1]           ; 17.748 ; 17.748 ; 17.748 ; 17.748 ;
; ADDR[3]    ; O[2]           ; 18.574 ; 18.574 ; 18.574 ; 18.574 ;
; ADDR[3]    ; O[3]           ; 18.398 ; 18.398 ; 18.398 ; 18.398 ;
; ADDR[3]    ; VALUE[0]       ; 12.203 ; 12.203 ; 12.203 ; 12.203 ;
; ADDR[3]    ; VALUE[1]       ; 11.356 ; 11.448 ; 11.448 ; 11.356 ;
; ADDR[3]    ; VALUE[2]       ; 11.109 ; 11.109 ; 11.109 ; 11.109 ;
; ADDR[3]    ; VALUE[3]       ; 12.738 ; 12.738 ; 12.738 ; 12.738 ;
; ADDR[3]    ; VALUE[4]       ; 12.455 ; 12.455 ; 12.455 ; 12.455 ;
; ADDR[3]    ; VALUE[5]       ; 11.500 ; 11.648 ; 11.648 ; 11.500 ;
; ADDR[4]    ; 7_SEGMENT_1[0] ; 18.644 ; 18.644 ; 18.644 ; 18.644 ;
; ADDR[4]    ; 7_SEGMENT_1[1] ; 18.681 ; 18.681 ; 18.681 ; 18.681 ;
; ADDR[4]    ; 7_SEGMENT_1[2] ; 18.369 ; 18.369 ; 18.369 ; 18.369 ;
; ADDR[4]    ; 7_SEGMENT_1[3] ; 18.701 ; 18.701 ; 18.701 ; 18.701 ;
; ADDR[4]    ; 7_SEGMENT_1[4] ; 18.700 ; 18.700 ; 18.700 ; 18.700 ;
; ADDR[4]    ; 7_SEGMENT_1[5] ; 18.704 ; 18.704 ; 18.704 ; 18.704 ;
; ADDR[4]    ; 7_SEGMENT_1[6] ; 18.378 ; 18.378 ; 18.378 ; 18.378 ;
; ADDR[4]    ; 7_SEGMENT_2[0] ; 17.808 ; 17.808 ; 17.808 ; 17.808 ;
; ADDR[4]    ; 7_SEGMENT_2[2] ; 17.494 ; 17.494 ; 17.494 ; 17.494 ;
; ADDR[4]    ; 7_SEGMENT_2[3] ; 17.798 ; 17.798 ; 17.798 ; 17.798 ;
; ADDR[4]    ; 7_SEGMENT_2[4] ; 15.392 ; 15.392 ; 15.392 ; 15.392 ;
; ADDR[4]    ; 7_SEGMENT_2[5] ; 17.459 ; 17.459 ; 17.459 ; 17.459 ;
; ADDR[4]    ; 7_SEGMENT_2[6] ; 17.497 ; 17.180 ; 17.180 ; 17.497 ;
; ADDR[4]    ; FLOOR[0]       ; 15.614 ; 15.614 ; 15.614 ; 15.614 ;
; ADDR[4]    ; FLOOR[1]       ; 15.092 ; 15.092 ; 15.092 ; 15.092 ;
; ADDR[4]    ; FLOOR[2]       ; 15.448 ; 15.765 ; 15.765 ; 15.448 ;
; ADDR[4]    ; O[0]           ; 15.762 ; 15.762 ; 15.762 ; 15.762 ;
; ADDR[4]    ; O[1]           ; 17.180 ; 17.180 ; 17.180 ; 17.180 ;
; ADDR[4]    ; O[2]           ; 18.006 ; 18.006 ; 18.006 ; 18.006 ;
; ADDR[4]    ; O[3]           ; 17.830 ; 17.830 ; 17.830 ; 17.830 ;
; ADDR[4]    ; VALUE[0]       ; 10.879 ; 10.879 ; 10.879 ; 10.879 ;
; ADDR[4]    ; VALUE[1]       ; 10.479 ; 11.011 ; 11.011 ; 10.479 ;
; ADDR[4]    ; VALUE[2]       ; 9.381  ; 11.146 ; 11.146 ; 9.381  ;
; ADDR[4]    ; VALUE[3]       ; 11.376 ; 12.301 ; 12.301 ; 11.376 ;
; ADDR[4]    ; VALUE[4]       ; 11.570 ; 11.570 ; 11.570 ; 11.570 ;
; ADDR[4]    ; VALUE[5]       ; 9.049  ; 11.876 ; 11.876 ; 9.049  ;
; ADDR[5]    ; 7_SEGMENT_1[0] ; 18.715 ; 18.715 ; 18.715 ; 18.715 ;
; ADDR[5]    ; 7_SEGMENT_1[1] ; 18.752 ; 18.752 ; 18.752 ; 18.752 ;
; ADDR[5]    ; 7_SEGMENT_1[2] ; 18.440 ; 18.440 ; 18.440 ; 18.440 ;
; ADDR[5]    ; 7_SEGMENT_1[3] ; 18.772 ; 18.772 ; 18.772 ; 18.772 ;
; ADDR[5]    ; 7_SEGMENT_1[4] ; 18.771 ; 18.771 ; 18.771 ; 18.771 ;
; ADDR[5]    ; 7_SEGMENT_1[5] ; 18.775 ; 18.775 ; 18.775 ; 18.775 ;
; ADDR[5]    ; 7_SEGMENT_1[6] ; 18.449 ; 18.449 ; 18.449 ; 18.449 ;
; ADDR[5]    ; 7_SEGMENT_2[0] ; 17.879 ; 17.879 ; 17.879 ; 17.879 ;
; ADDR[5]    ; 7_SEGMENT_2[2] ; 17.565 ; 17.565 ; 17.565 ; 17.565 ;
; ADDR[5]    ; 7_SEGMENT_2[3] ; 17.869 ; 17.869 ; 17.869 ; 17.869 ;
; ADDR[5]    ; 7_SEGMENT_2[4] ; 15.463 ; 15.463 ; 15.463 ; 15.463 ;
; ADDR[5]    ; 7_SEGMENT_2[5] ; 17.530 ; 17.530 ; 17.530 ; 17.530 ;
; ADDR[5]    ; 7_SEGMENT_2[6] ; 17.568 ; 17.568 ; 17.568 ; 17.568 ;
; ADDR[5]    ; FLOOR[0]       ; 15.685 ; 15.685 ; 15.685 ; 15.685 ;
; ADDR[5]    ; FLOOR[1]       ; 15.163 ; 15.163 ; 15.163 ; 15.163 ;
; ADDR[5]    ; FLOOR[2]       ; 15.836 ; 15.836 ; 15.836 ; 15.836 ;
; ADDR[5]    ; O[0]           ; 15.833 ; 15.833 ; 15.833 ; 15.833 ;
; ADDR[5]    ; O[1]           ; 17.251 ; 17.251 ; 17.251 ; 17.251 ;
; ADDR[5]    ; O[2]           ; 18.077 ; 18.077 ; 18.077 ; 18.077 ;
; ADDR[5]    ; O[3]           ; 17.901 ; 17.901 ; 17.901 ; 17.901 ;
; ADDR[5]    ; VALUE[0]       ; 10.715 ; 10.715 ; 10.715 ; 10.715 ;
; ADDR[5]    ; VALUE[1]       ; 10.829 ; 10.987 ; 10.987 ; 10.829 ;
; ADDR[5]    ; VALUE[2]       ; 9.657  ; 11.122 ; 11.122 ; 9.657  ;
; ADDR[5]    ; VALUE[3]       ; 11.730 ; 12.277 ; 12.277 ; 11.730 ;
; ADDR[5]    ; VALUE[4]       ; 11.958 ; 11.958 ; 11.958 ; 11.958 ;
; ADDR[5]    ; VALUE[5]       ; 10.056 ; 11.852 ; 11.852 ; 10.056 ;
; MODE[0]    ; POP            ; 7.852  ;        ;        ; 7.852  ;
; MODE[0]    ; PUSH           ;        ; 7.784  ; 7.784  ;        ;
; MODE[1]    ; POP            ; 7.221  ;        ;        ; 7.221  ;
; MODE[1]    ; PUSH           ; 7.232  ;        ;        ; 7.232  ;
+------------+----------------+--------+--------+--------+--------+


+-----------------------------------------------------------------+
; Minimum Propagation Delay                                       ;
+------------+----------------+--------+--------+--------+--------+
; Input Port ; Output Port    ; RR     ; RF     ; FR     ; FF     ;
+------------+----------------+--------+--------+--------+--------+
; ADDR[0]    ; 7_SEGMENT_1[0] ; 12.363 ; 12.363 ; 12.363 ; 12.363 ;
; ADDR[0]    ; 7_SEGMENT_1[1] ; 12.402 ; 12.402 ; 12.402 ; 12.402 ;
; ADDR[0]    ; 7_SEGMENT_1[2] ; 12.094 ; 12.094 ; 12.094 ; 12.094 ;
; ADDR[0]    ; 7_SEGMENT_1[3] ; 12.406 ; 12.406 ; 12.406 ; 12.406 ;
; ADDR[0]    ; 7_SEGMENT_1[4] ; 12.413 ; 12.413 ; 12.413 ; 12.413 ;
; ADDR[0]    ; 7_SEGMENT_1[5] ; 12.428 ; 12.428 ; 12.428 ; 12.428 ;
; ADDR[0]    ; 7_SEGMENT_1[6] ; 12.083 ; 12.083 ; 12.083 ; 12.083 ;
; ADDR[0]    ; 7_SEGMENT_2[0] ; 10.949 ; 10.949 ; 10.949 ; 10.949 ;
; ADDR[0]    ; 7_SEGMENT_2[2] ; 10.605 ; 10.605 ; 10.605 ; 10.605 ;
; ADDR[0]    ; 7_SEGMENT_2[3] ; 10.939 ; 10.939 ; 10.939 ; 10.939 ;
; ADDR[0]    ; 7_SEGMENT_2[4] ; 10.554 ; 10.554 ; 10.554 ; 10.554 ;
; ADDR[0]    ; 7_SEGMENT_2[5] ; 10.604 ; 10.604 ; 10.604 ; 10.604 ;
; ADDR[0]    ; 7_SEGMENT_2[6] ; 10.642 ; 10.642 ; 10.642 ; 10.642 ;
; ADDR[0]    ; FLOOR[0]       ; 10.776 ; 10.776 ; 10.776 ; 10.776 ;
; ADDR[0]    ; FLOOR[1]       ; 10.881 ; 10.881 ; 10.881 ; 10.881 ;
; ADDR[0]    ; FLOOR[2]       ; 11.707 ; 10.927 ; 10.927 ; 11.707 ;
; ADDR[0]    ; O[0]           ; 10.924 ; 10.924 ; 10.924 ; 10.924 ;
; ADDR[0]    ; O[1]           ; 11.544 ; 11.544 ; 11.544 ; 11.544 ;
; ADDR[0]    ; O[2]           ; 11.991 ; 11.991 ; 11.991 ; 11.991 ;
; ADDR[0]    ; O[3]           ; 11.814 ; 11.814 ; 11.814 ; 11.814 ;
; ADDR[0]    ; VALUE[0]       ; 10.372 ; 10.372 ; 10.372 ; 10.372 ;
; ADDR[0]    ; VALUE[1]       ; 10.625 ; 10.625 ; 10.625 ; 10.625 ;
; ADDR[0]    ; VALUE[2]       ; 9.851  ; 9.851  ; 9.851  ; 9.851  ;
; ADDR[0]    ; VALUE[3]       ; 11.201 ; 10.421 ; 10.421 ; 11.201 ;
; ADDR[0]    ; VALUE[4]       ; 10.213 ; 10.213 ; 10.213 ; 10.213 ;
; ADDR[0]    ; VALUE[5]       ; 11.327 ; 11.327 ; 11.327 ; 11.327 ;
; ADDR[1]    ; 7_SEGMENT_1[0] ; 12.279 ; 12.279 ; 12.279 ; 12.279 ;
; ADDR[1]    ; 7_SEGMENT_1[1] ; 12.318 ; 12.318 ; 12.318 ; 12.318 ;
; ADDR[1]    ; 7_SEGMENT_1[2] ; 12.010 ; 12.010 ; 12.010 ; 12.010 ;
; ADDR[1]    ; 7_SEGMENT_1[3] ; 12.322 ; 12.322 ; 12.322 ; 12.322 ;
; ADDR[1]    ; 7_SEGMENT_1[4] ; 12.329 ; 12.329 ; 12.329 ; 12.329 ;
; ADDR[1]    ; 7_SEGMENT_1[5] ; 12.344 ; 12.344 ; 12.344 ; 12.344 ;
; ADDR[1]    ; 7_SEGMENT_1[6] ; 11.999 ; 11.999 ; 11.999 ; 11.999 ;
; ADDR[1]    ; 7_SEGMENT_2[0] ; 11.778 ; 11.778 ; 11.778 ; 11.778 ;
; ADDR[1]    ; 7_SEGMENT_2[2] ; 11.434 ; 11.434 ; 11.434 ; 11.434 ;
; ADDR[1]    ; 7_SEGMENT_2[3] ; 11.768 ; 11.768 ; 11.768 ; 11.768 ;
; ADDR[1]    ; 7_SEGMENT_2[4] ; 11.021 ; 11.021 ; 11.021 ; 11.021 ;
; ADDR[1]    ; 7_SEGMENT_2[5] ; 11.433 ; 11.433 ; 11.433 ; 11.433 ;
; ADDR[1]    ; 7_SEGMENT_2[6] ; 11.471 ; 11.471 ; 11.471 ; 11.471 ;
; ADDR[1]    ; FLOOR[0]       ; 11.243 ; 11.243 ; 11.243 ; 11.243 ;
; ADDR[1]    ; FLOOR[1]       ; 11.166 ; 11.166 ; 11.166 ; 11.166 ;
; ADDR[1]    ; FLOOR[2]       ; 11.394 ; 11.394 ; 11.394 ; 11.394 ;
; ADDR[1]    ; O[0]           ; 10.840 ; 10.840 ; 10.840 ; 10.840 ;
; ADDR[1]    ; O[1]           ; 11.544 ; 11.544 ; 11.544 ; 11.544 ;
; ADDR[1]    ; O[2]           ; 12.373 ; 12.373 ; 12.373 ; 12.373 ;
; ADDR[1]    ; O[3]           ; 12.197 ; 12.197 ; 12.197 ; 12.197 ;
; ADDR[1]    ; VALUE[0]       ; 10.151 ; 10.151 ; 10.151 ; 10.151 ;
; ADDR[1]    ; VALUE[1]       ; 10.754 ; 10.754 ; 10.754 ; 10.754 ;
; ADDR[1]    ; VALUE[2]       ; 9.586  ; 9.586  ; 9.586  ; 9.586  ;
; ADDR[1]    ; VALUE[3]       ; 10.886 ; 10.886 ; 10.886 ; 10.886 ;
; ADDR[1]    ; VALUE[4]       ; 11.042 ; 11.042 ; 11.042 ; 11.042 ;
; ADDR[1]    ; VALUE[5]       ; 11.285 ; 11.238 ; 11.238 ; 11.285 ;
; ADDR[2]    ; 7_SEGMENT_1[0] ; 10.992 ; 10.992 ; 10.992 ; 10.992 ;
; ADDR[2]    ; 7_SEGMENT_1[1] ; 11.031 ; 11.031 ; 11.031 ; 11.031 ;
; ADDR[2]    ; 7_SEGMENT_1[2] ; 10.723 ; 10.723 ; 10.723 ; 10.723 ;
; ADDR[2]    ; 7_SEGMENT_1[3] ; 11.035 ; 11.035 ; 11.035 ; 11.035 ;
; ADDR[2]    ; 7_SEGMENT_1[4] ; 11.042 ; 11.042 ; 11.042 ; 11.042 ;
; ADDR[2]    ; 7_SEGMENT_1[5] ; 11.057 ; 11.057 ; 11.057 ; 11.057 ;
; ADDR[2]    ; 7_SEGMENT_1[6] ; 10.712 ; 10.712 ; 10.712 ; 10.712 ;
; ADDR[2]    ; 7_SEGMENT_2[0] ; 10.268 ; 10.268 ; 10.268 ; 10.268 ;
; ADDR[2]    ; 7_SEGMENT_2[2] ; 9.924  ; 9.924  ; 9.924  ; 9.924  ;
; ADDR[2]    ; 7_SEGMENT_2[3] ; 10.258 ; 10.258 ; 10.258 ; 10.258 ;
; ADDR[2]    ; 7_SEGMENT_2[4] ; 9.389  ; 9.389  ; 9.389  ; 9.389  ;
; ADDR[2]    ; 7_SEGMENT_2[5] ; 9.923  ; 9.923  ; 9.923  ; 9.923  ;
; ADDR[2]    ; 7_SEGMENT_2[6] ; 9.961  ; 9.961  ; 9.961  ; 9.961  ;
; ADDR[2]    ; FLOOR[0]       ; 9.611  ; 9.611  ; 9.611  ; 9.611  ;
; ADDR[2]    ; FLOOR[1]       ; 9.715  ; 9.715  ; 9.715  ; 9.715  ;
; ADDR[2]    ; FLOOR[2]       ; 11.466 ; 9.762  ; 9.762  ; 11.466 ;
; ADDR[2]    ; O[0]           ; 9.553  ; 9.553  ; 9.553  ; 9.553  ;
; ADDR[2]    ; O[1]           ; 10.257 ; 10.257 ; 10.257 ; 10.257 ;
; ADDR[2]    ; O[2]           ; 10.826 ; 10.826 ; 10.826 ; 10.826 ;
; ADDR[2]    ; O[3]           ; 10.649 ; 10.649 ; 10.649 ; 10.649 ;
; ADDR[2]    ; VALUE[0]       ; 8.956  ; 8.864  ; 8.864  ; 8.956  ;
; ADDR[2]    ; VALUE[1]       ; 10.030 ; 9.316  ; 9.316  ; 10.030 ;
; ADDR[2]    ; VALUE[2]       ; 9.165  ; 8.234  ; 8.234  ; 9.165  ;
; ADDR[2]    ; VALUE[3]       ; 10.960 ; 9.254  ; 9.254  ; 10.960 ;
; ADDR[2]    ; VALUE[4]       ; 9.532  ; 9.532  ; 9.532  ; 9.532  ;
; ADDR[2]    ; VALUE[5]       ; 11.065 ; 9.348  ; 9.348  ; 11.065 ;
; ADDR[3]    ; 7_SEGMENT_1[0] ; 11.484 ; 11.484 ; 11.484 ; 11.484 ;
; ADDR[3]    ; 7_SEGMENT_1[1] ; 11.523 ; 11.523 ; 11.523 ; 11.523 ;
; ADDR[3]    ; 7_SEGMENT_1[2] ; 11.215 ; 11.215 ; 11.215 ; 11.215 ;
; ADDR[3]    ; 7_SEGMENT_1[3] ; 11.527 ; 11.527 ; 11.527 ; 11.527 ;
; ADDR[3]    ; 7_SEGMENT_1[4] ; 11.534 ; 11.534 ; 11.534 ; 11.534 ;
; ADDR[3]    ; 7_SEGMENT_1[5] ; 11.549 ; 11.549 ; 11.549 ; 11.549 ;
; ADDR[3]    ; 7_SEGMENT_1[6] ; 11.204 ; 11.204 ; 11.204 ; 11.204 ;
; ADDR[3]    ; 7_SEGMENT_2[0] ; 10.311 ; 10.311 ; 10.311 ; 10.311 ;
; ADDR[3]    ; 7_SEGMENT_2[2] ; 10.030 ; 10.030 ; 10.030 ; 10.030 ;
; ADDR[3]    ; 7_SEGMENT_2[3] ; 10.301 ; 10.301 ; 10.301 ; 10.301 ;
; ADDR[3]    ; 7_SEGMENT_2[4] ; 9.931  ; 9.931  ; 9.931  ; 9.931  ;
; ADDR[3]    ; 7_SEGMENT_2[5] ; 9.994  ; 9.994  ; 9.994  ; 9.994  ;
; ADDR[3]    ; 7_SEGMENT_2[6] ; 10.133 ; 10.032 ; 10.032 ; 10.133 ;
; ADDR[3]    ; FLOOR[0]       ; 10.153 ; 10.153 ; 10.153 ; 10.153 ;
; ADDR[3]    ; FLOOR[1]       ; 10.258 ; 10.258 ; 10.258 ; 10.258 ;
; ADDR[3]    ; FLOOR[2]       ; 10.304 ; 10.641 ; 10.641 ; 10.304 ;
; ADDR[3]    ; O[0]           ; 10.045 ; 10.045 ; 10.045 ; 10.045 ;
; ADDR[3]    ; O[1]           ; 10.749 ; 10.749 ; 10.749 ; 10.749 ;
; ADDR[3]    ; O[2]           ; 11.368 ; 11.368 ; 11.368 ; 11.368 ;
; ADDR[3]    ; O[3]           ; 11.191 ; 11.191 ; 11.191 ; 11.191 ;
; ADDR[3]    ; VALUE[0]       ; 9.356  ; 9.552  ; 9.552  ; 9.356  ;
; ADDR[3]    ; VALUE[1]       ; 9.766  ; 10.152 ; 10.152 ; 9.766  ;
; ADDR[3]    ; VALUE[2]       ; 9.452  ; 8.780  ; 8.780  ; 9.452  ;
; ADDR[3]    ; VALUE[3]       ; 9.798  ; 10.135 ; 10.135 ; 9.798  ;
; ADDR[3]    ; VALUE[4]       ; 10.509 ; 9.704  ; 9.704  ; 10.509 ;
; ADDR[3]    ; VALUE[5]       ; 8.979  ; 9.236  ; 9.236  ; 8.979  ;
; ADDR[4]    ; 7_SEGMENT_1[0] ; 11.595 ; 11.595 ; 11.595 ; 11.595 ;
; ADDR[4]    ; 7_SEGMENT_1[1] ; 11.634 ; 11.634 ; 11.634 ; 11.634 ;
; ADDR[4]    ; 7_SEGMENT_1[2] ; 11.326 ; 11.326 ; 11.326 ; 11.326 ;
; ADDR[4]    ; 7_SEGMENT_1[3] ; 11.638 ; 11.638 ; 11.638 ; 11.638 ;
; ADDR[4]    ; 7_SEGMENT_1[4] ; 11.645 ; 11.645 ; 11.645 ; 11.645 ;
; ADDR[4]    ; 7_SEGMENT_1[5] ; 11.660 ; 11.660 ; 11.660 ; 11.660 ;
; ADDR[4]    ; 7_SEGMENT_1[6] ; 11.315 ; 11.315 ; 11.315 ; 11.315 ;
; ADDR[4]    ; 7_SEGMENT_2[0] ; 10.183 ; 10.183 ; 10.183 ; 10.183 ;
; ADDR[4]    ; 7_SEGMENT_2[2] ; 9.902  ; 9.902  ; 9.902  ; 9.902  ;
; ADDR[4]    ; 7_SEGMENT_2[3] ; 10.173 ; 10.173 ; 10.173 ; 10.173 ;
; ADDR[4]    ; 7_SEGMENT_2[4] ; 9.991  ; 9.991  ; 9.991  ; 9.991  ;
; ADDR[4]    ; 7_SEGMENT_2[5] ; 9.866  ; 9.866  ; 9.866  ; 9.866  ;
; ADDR[4]    ; 7_SEGMENT_2[6] ; 9.904  ; 9.904  ; 9.904  ; 9.904  ;
; ADDR[4]    ; FLOOR[0]       ; 10.213 ; 10.213 ; 10.213 ; 10.213 ;
; ADDR[4]    ; FLOOR[1]       ; 10.317 ; 10.317 ; 10.317 ; 10.317 ;
; ADDR[4]    ; FLOOR[2]       ; 10.388 ; 10.364 ; 10.364 ; 10.388 ;
; ADDR[4]    ; O[0]           ; 10.156 ; 10.156 ; 10.156 ; 10.156 ;
; ADDR[4]    ; O[1]           ; 10.860 ; 10.860 ; 10.860 ; 10.860 ;
; ADDR[4]    ; O[2]           ; 11.428 ; 11.428 ; 11.428 ; 11.428 ;
; ADDR[4]    ; O[3]           ; 11.251 ; 11.251 ; 11.251 ; 11.251 ;
; ADDR[4]    ; VALUE[0]       ; 9.822  ; 9.467  ; 9.467  ; 9.822  ;
; ADDR[4]    ; VALUE[1]       ; 9.621  ; 9.668  ; 9.668  ; 9.621  ;
; ADDR[4]    ; VALUE[2]       ; 8.998  ; 8.641  ; 8.641  ; 8.998  ;
; ADDR[4]    ; VALUE[3]       ; 10.164 ; 9.856  ; 9.856  ; 10.164 ;
; ADDR[4]    ; VALUE[4]       ; 9.764  ; 10.228 ; 10.228 ; 9.764  ;
; ADDR[4]    ; VALUE[5]       ; 8.851  ; 8.851  ; 8.851  ; 8.851  ;
; ADDR[5]    ; 7_SEGMENT_1[0] ; 12.475 ; 12.475 ; 12.475 ; 12.475 ;
; ADDR[5]    ; 7_SEGMENT_1[1] ; 12.514 ; 12.514 ; 12.514 ; 12.514 ;
; ADDR[5]    ; 7_SEGMENT_1[2] ; 12.206 ; 12.206 ; 12.206 ; 12.206 ;
; ADDR[5]    ; 7_SEGMENT_1[3] ; 12.518 ; 12.518 ; 12.518 ; 12.518 ;
; ADDR[5]    ; 7_SEGMENT_1[4] ; 12.525 ; 12.525 ; 12.525 ; 12.525 ;
; ADDR[5]    ; 7_SEGMENT_1[5] ; 12.540 ; 12.540 ; 12.540 ; 12.540 ;
; ADDR[5]    ; 7_SEGMENT_1[6] ; 12.195 ; 12.195 ; 12.195 ; 12.195 ;
; ADDR[5]    ; 7_SEGMENT_2[0] ; 11.007 ; 11.007 ; 11.007 ; 11.007 ;
; ADDR[5]    ; 7_SEGMENT_2[2] ; 10.663 ; 10.663 ; 10.663 ; 10.663 ;
; ADDR[5]    ; 7_SEGMENT_2[3] ; 10.997 ; 10.997 ; 10.997 ; 10.997 ;
; ADDR[5]    ; 7_SEGMENT_2[4] ; 10.997 ; 10.997 ; 10.997 ; 10.997 ;
; ADDR[5]    ; 7_SEGMENT_2[5] ; 10.662 ; 10.662 ; 10.662 ; 10.662 ;
; ADDR[5]    ; 7_SEGMENT_2[6] ; 10.700 ; 11.109 ; 11.109 ; 10.700 ;
; ADDR[5]    ; FLOOR[0]       ; 11.219 ; 11.219 ; 11.219 ; 11.219 ;
; ADDR[5]    ; FLOOR[1]       ; 11.324 ; 11.324 ; 11.324 ; 11.324 ;
; ADDR[5]    ; FLOOR[2]       ; 11.370 ; 11.370 ; 11.370 ; 11.370 ;
; ADDR[5]    ; O[0]           ; 11.036 ; 11.036 ; 11.036 ; 11.036 ;
; ADDR[5]    ; O[1]           ; 11.740 ; 11.740 ; 11.740 ; 11.740 ;
; ADDR[5]    ; O[2]           ; 12.281 ; 12.281 ; 12.281 ; 12.281 ;
; ADDR[5]    ; O[3]           ; 12.098 ; 12.098 ; 12.098 ; 12.098 ;
; ADDR[5]    ; VALUE[0]       ; 10.347 ; 10.347 ; 10.347 ; 10.347 ;
; ADDR[5]    ; VALUE[1]       ; 10.323 ; 10.323 ; 10.323 ; 10.323 ;
; ADDR[5]    ; VALUE[2]       ; 9.076  ; 9.076  ; 9.076  ; 9.076  ;
; ADDR[5]    ; VALUE[3]       ; 10.864 ; 10.864 ; 10.864 ; 10.864 ;
; ADDR[5]    ; VALUE[4]       ; 11.410 ; 10.271 ; 10.271 ; 11.410 ;
; ADDR[5]    ; VALUE[5]       ; 10.056 ; 10.056 ; 10.056 ; 10.056 ;
; MODE[0]    ; POP            ; 7.852  ;        ;        ; 7.852  ;
; MODE[0]    ; PUSH           ;        ; 7.784  ; 7.784  ;        ;
; MODE[1]    ; POP            ; 7.221  ;        ;        ; 7.221  ;
; MODE[1]    ; PUSH           ; 7.232  ;        ;        ; 7.232  ;
+------------+----------------+--------+--------+--------+--------+


----------------------------
; Fast Model Setup Summary ;
----------------------------
No paths to report.


---------------------------
; Fast Model Hold Summary ;
---------------------------
No paths to report.


-------------------------------
; Fast Model Recovery Summary ;
-------------------------------
No paths to report.


------------------------------
; Fast Model Removal Summary ;
------------------------------
No paths to report.


+----------------------------------------------+
; Fast Model Minimum Pulse Width Summary       ;
+---------------------+--------+---------------+
; Clock               ; Slack  ; End Point TNS ;
+---------------------+--------+---------------+
; altera_reserved_tck ; 97.778 ; 0.000         ;
+---------------------+--------+---------------+


+-------------------------------------------------------------------------------------------------------------+
; Fast Model Minimum Pulse Width: 'altera_reserved_tck'                                                       ;
+--------+--------------+----------------+-----------+---------------------+------------+---------------------+
; Slack  ; Actual Width ; Required Width ; Type      ; Clock               ; Clock Edge ; Target              ;
+--------+--------------+----------------+-----------+---------------------+------------+---------------------+
; 97.778 ; 100.000      ; 2.222          ; Port Rate ; altera_reserved_tck ; Rise       ; altera_reserved_tck ;
+--------+--------------+----------------+-----------+---------------------+------------+---------------------+


+-------------------------------------------------------------+
; Propagation Delay                                           ;
+------------+----------------+-------+-------+-------+-------+
; Input Port ; Output Port    ; RR    ; RF    ; FR    ; FF    ;
+------------+----------------+-------+-------+-------+-------+
; ADDR[0]    ; 7_SEGMENT_1[0] ; 8.403 ; 8.403 ; 8.403 ; 8.403 ;
; ADDR[0]    ; 7_SEGMENT_1[1] ; 8.427 ; 8.427 ; 8.427 ; 8.427 ;
; ADDR[0]    ; 7_SEGMENT_1[2] ; 8.326 ; 8.326 ; 8.326 ; 8.326 ;
; ADDR[0]    ; 7_SEGMENT_1[3] ; 8.461 ; 8.461 ; 8.461 ; 8.461 ;
; ADDR[0]    ; 7_SEGMENT_1[4] ; 8.459 ; 8.459 ; 8.459 ; 8.459 ;
; ADDR[0]    ; 7_SEGMENT_1[5] ; 8.450 ; 8.450 ; 8.450 ; 8.450 ;
; ADDR[0]    ; 7_SEGMENT_1[6] ; 8.337 ; 8.337 ; 8.337 ; 8.337 ;
; ADDR[0]    ; 7_SEGMENT_2[0] ; 8.306 ; 8.306 ; 8.306 ; 8.306 ;
; ADDR[0]    ; 7_SEGMENT_2[2] ; 8.189 ; 8.189 ; 8.189 ; 8.189 ;
; ADDR[0]    ; 7_SEGMENT_2[3] ; 8.296 ; 8.296 ; 8.296 ; 8.296 ;
; ADDR[0]    ; 7_SEGMENT_2[4] ; 7.228 ; 7.228 ; 7.228 ; 7.228 ;
; ADDR[0]    ; 7_SEGMENT_2[5] ; 8.164 ; 8.164 ; 8.164 ; 8.164 ;
; ADDR[0]    ; 7_SEGMENT_2[6] ; 8.199 ; 8.199 ; 8.199 ; 8.199 ;
; ADDR[0]    ; FLOOR[0]       ; 7.323 ; 7.323 ; 7.323 ; 7.323 ;
; ADDR[0]    ; FLOOR[1]       ; 7.248 ; 7.248 ; 7.248 ; 7.248 ;
; ADDR[0]    ; FLOOR[2]       ; 7.421 ; 7.421 ; 7.421 ; 7.421 ;
; ADDR[0]    ; O[0]           ; 7.384 ; 7.384 ; 7.384 ; 7.384 ;
; ADDR[0]    ; O[1]           ; 7.902 ; 7.902 ; 7.902 ; 7.902 ;
; ADDR[0]    ; O[2]           ; 8.179 ; 8.179 ; 8.179 ; 8.179 ;
; ADDR[0]    ; O[3]           ; 8.142 ; 8.142 ; 8.142 ; 8.142 ;
; ADDR[0]    ; VALUE[0]       ; 5.830 ; 5.830 ; 5.830 ; 5.830 ;
; ADDR[0]    ; VALUE[1]       ; 5.615 ; 5.615 ; 5.615 ; 5.615 ;
; ADDR[0]    ; VALUE[2]       ; 5.488 ; 5.488 ; 5.488 ; 5.488 ;
; ADDR[0]    ; VALUE[3]       ; 6.059 ; 6.059 ; 6.059 ; 6.059 ;
; ADDR[0]    ; VALUE[4]       ; 6.000 ; 6.000 ; 6.000 ; 6.000 ;
; ADDR[0]    ; VALUE[5]       ; 6.303 ; 6.303 ; 6.303 ; 6.303 ;
; ADDR[1]    ; 7_SEGMENT_1[0] ; 8.781 ; 8.781 ; 8.781 ; 8.781 ;
; ADDR[1]    ; 7_SEGMENT_1[1] ; 8.805 ; 8.805 ; 8.805 ; 8.805 ;
; ADDR[1]    ; 7_SEGMENT_1[2] ; 8.704 ; 8.704 ; 8.704 ; 8.704 ;
; ADDR[1]    ; 7_SEGMENT_1[3] ; 8.839 ; 8.839 ; 8.839 ; 8.839 ;
; ADDR[1]    ; 7_SEGMENT_1[4] ; 8.837 ; 8.837 ; 8.837 ; 8.837 ;
; ADDR[1]    ; 7_SEGMENT_1[5] ; 8.828 ; 8.828 ; 8.828 ; 8.828 ;
; ADDR[1]    ; 7_SEGMENT_1[6] ; 8.715 ; 8.715 ; 8.715 ; 8.715 ;
; ADDR[1]    ; 7_SEGMENT_2[0] ; 8.684 ; 8.684 ; 8.684 ; 8.684 ;
; ADDR[1]    ; 7_SEGMENT_2[2] ; 8.567 ; 8.567 ; 8.567 ; 8.567 ;
; ADDR[1]    ; 7_SEGMENT_2[3] ; 8.674 ; 8.674 ; 8.674 ; 8.674 ;
; ADDR[1]    ; 7_SEGMENT_2[4] ; 7.606 ; 7.606 ; 7.606 ; 7.606 ;
; ADDR[1]    ; 7_SEGMENT_2[5] ; 8.542 ; 8.542 ; 8.542 ; 8.542 ;
; ADDR[1]    ; 7_SEGMENT_2[6] ; 8.577 ; 8.577 ; 8.577 ; 8.577 ;
; ADDR[1]    ; FLOOR[0]       ; 7.701 ; 7.701 ; 7.701 ; 7.701 ;
; ADDR[1]    ; FLOOR[1]       ; 7.626 ; 7.626 ; 7.626 ; 7.626 ;
; ADDR[1]    ; FLOOR[2]       ; 7.799 ; 7.799 ; 7.799 ; 7.799 ;
; ADDR[1]    ; O[0]           ; 7.762 ; 7.762 ; 7.762 ; 7.762 ;
; ADDR[1]    ; O[1]           ; 8.280 ; 8.280 ; 8.280 ; 8.280 ;
; ADDR[1]    ; O[2]           ; 8.557 ; 8.557 ; 8.557 ; 8.557 ;
; ADDR[1]    ; O[3]           ; 8.520 ; 8.520 ; 8.520 ; 8.520 ;
; ADDR[1]    ; VALUE[0]       ; 5.763 ; 5.763 ; 5.763 ; 5.763 ;
; ADDR[1]    ; VALUE[1]       ; 5.474 ; 5.474 ; 5.474 ; 5.474 ;
; ADDR[1]    ; VALUE[2]       ; 5.791 ; 5.791 ; 5.791 ; 5.791 ;
; ADDR[1]    ; VALUE[3]       ; 6.214 ; 6.214 ; 6.214 ; 6.214 ;
; ADDR[1]    ; VALUE[4]       ; 6.378 ; 6.378 ; 6.378 ; 6.378 ;
; ADDR[1]    ; VALUE[5]       ; 6.125 ; 6.125 ; 6.125 ; 6.125 ;
; ADDR[2]    ; 7_SEGMENT_1[0] ; 7.970 ; 7.970 ; 7.970 ; 7.970 ;
; ADDR[2]    ; 7_SEGMENT_1[1] ; 7.994 ; 7.994 ; 7.994 ; 7.994 ;
; ADDR[2]    ; 7_SEGMENT_1[2] ; 7.893 ; 7.893 ; 7.893 ; 7.893 ;
; ADDR[2]    ; 7_SEGMENT_1[3] ; 8.028 ; 8.028 ; 8.028 ; 8.028 ;
; ADDR[2]    ; 7_SEGMENT_1[4] ; 8.026 ; 8.026 ; 8.026 ; 8.026 ;
; ADDR[2]    ; 7_SEGMENT_1[5] ; 8.017 ; 8.017 ; 8.017 ; 8.017 ;
; ADDR[2]    ; 7_SEGMENT_1[6] ; 7.904 ; 7.904 ; 7.904 ; 7.904 ;
; ADDR[2]    ; 7_SEGMENT_2[0] ; 7.873 ; 7.873 ; 7.873 ; 7.873 ;
; ADDR[2]    ; 7_SEGMENT_2[2] ; 7.756 ; 7.756 ; 7.756 ; 7.756 ;
; ADDR[2]    ; 7_SEGMENT_2[3] ; 7.863 ; 7.863 ; 7.863 ; 7.863 ;
; ADDR[2]    ; 7_SEGMENT_2[4] ; 6.795 ; 6.795 ; 6.795 ; 6.795 ;
; ADDR[2]    ; 7_SEGMENT_2[5] ; 7.731 ; 7.731 ; 7.731 ; 7.731 ;
; ADDR[2]    ; 7_SEGMENT_2[6] ; 7.766 ; 7.766 ; 7.766 ; 7.766 ;
; ADDR[2]    ; FLOOR[0]       ; 6.890 ; 6.890 ; 6.890 ; 6.890 ;
; ADDR[2]    ; FLOOR[1]       ; 6.815 ; 6.815 ; 6.815 ; 6.815 ;
; ADDR[2]    ; FLOOR[2]       ; 6.988 ; 6.988 ; 6.988 ; 6.988 ;
; ADDR[2]    ; O[0]           ; 6.951 ; 6.951 ; 6.951 ; 6.951 ;
; ADDR[2]    ; O[1]           ; 7.469 ; 7.469 ; 7.469 ; 7.469 ;
; ADDR[2]    ; O[2]           ; 7.746 ; 7.746 ; 7.746 ; 7.746 ;
; ADDR[2]    ; O[3]           ; 7.709 ; 7.709 ; 7.709 ; 7.709 ;
; ADDR[2]    ; VALUE[0]       ; 5.156 ; 5.156 ; 5.156 ; 5.156 ;
; ADDR[2]    ; VALUE[1]       ; 4.974 ; 4.974 ; 4.974 ; 4.974 ;
; ADDR[2]    ; VALUE[2]       ; 4.787 ; 4.831 ; 4.831 ; 4.787 ;
; ADDR[2]    ; VALUE[3]       ; 5.582 ; 5.566 ; 5.566 ; 5.582 ;
; ADDR[2]    ; VALUE[4]       ; 5.567 ; 5.567 ; 5.567 ; 5.567 ;
; ADDR[2]    ; VALUE[5]       ; 5.369 ; 5.085 ; 5.085 ; 5.369 ;
; ADDR[3]    ; 7_SEGMENT_1[0] ; 7.733 ; 7.733 ; 7.733 ; 7.733 ;
; ADDR[3]    ; 7_SEGMENT_1[1] ; 7.757 ; 7.757 ; 7.757 ; 7.757 ;
; ADDR[3]    ; 7_SEGMENT_1[2] ; 7.656 ; 7.656 ; 7.656 ; 7.656 ;
; ADDR[3]    ; 7_SEGMENT_1[3] ; 7.791 ; 7.791 ; 7.791 ; 7.791 ;
; ADDR[3]    ; 7_SEGMENT_1[4] ; 7.789 ; 7.789 ; 7.789 ; 7.789 ;
; ADDR[3]    ; 7_SEGMENT_1[5] ; 7.780 ; 7.780 ; 7.780 ; 7.780 ;
; ADDR[3]    ; 7_SEGMENT_1[6] ; 7.667 ; 7.667 ; 7.667 ; 7.667 ;
; ADDR[3]    ; 7_SEGMENT_2[0] ; 7.636 ; 7.636 ; 7.636 ; 7.636 ;
; ADDR[3]    ; 7_SEGMENT_2[2] ; 7.519 ; 7.519 ; 7.519 ; 7.519 ;
; ADDR[3]    ; 7_SEGMENT_2[3] ; 7.626 ; 7.626 ; 7.626 ; 7.626 ;
; ADDR[3]    ; 7_SEGMENT_2[4] ; 6.558 ; 6.558 ; 6.558 ; 6.558 ;
; ADDR[3]    ; 7_SEGMENT_2[5] ; 7.494 ; 7.494 ; 7.494 ; 7.494 ;
; ADDR[3]    ; 7_SEGMENT_2[6] ; 7.529 ; 7.529 ; 7.529 ; 7.529 ;
; ADDR[3]    ; FLOOR[0]       ; 6.653 ; 6.653 ; 6.653 ; 6.653 ;
; ADDR[3]    ; FLOOR[1]       ; 6.578 ; 6.578 ; 6.578 ; 6.578 ;
; ADDR[3]    ; FLOOR[2]       ; 6.751 ; 6.751 ; 6.751 ; 6.751 ;
; ADDR[3]    ; O[0]           ; 6.714 ; 6.714 ; 6.714 ; 6.714 ;
; ADDR[3]    ; O[1]           ; 7.232 ; 7.232 ; 7.232 ; 7.232 ;
; ADDR[3]    ; O[2]           ; 7.509 ; 7.509 ; 7.509 ; 7.509 ;
; ADDR[3]    ; O[3]           ; 7.472 ; 7.472 ; 7.472 ; 7.472 ;
; ADDR[3]    ; VALUE[0]       ; 5.184 ; 5.184 ; 5.184 ; 5.184 ;
; ADDR[3]    ; VALUE[1]       ; 4.830 ; 4.923 ; 4.923 ; 4.830 ;
; ADDR[3]    ; VALUE[2]       ; 4.803 ; 4.803 ; 4.803 ; 4.803 ;
; ADDR[3]    ; VALUE[3]       ; 5.392 ; 5.392 ; 5.392 ; 5.392 ;
; ADDR[3]    ; VALUE[4]       ; 5.330 ; 5.330 ; 5.330 ; 5.330 ;
; ADDR[3]    ; VALUE[5]       ; 4.926 ; 4.995 ; 4.995 ; 4.926 ;
; ADDR[4]    ; 7_SEGMENT_1[0] ; 7.502 ; 7.502 ; 7.502 ; 7.502 ;
; ADDR[4]    ; 7_SEGMENT_1[1] ; 7.526 ; 7.526 ; 7.526 ; 7.526 ;
; ADDR[4]    ; 7_SEGMENT_1[2] ; 7.425 ; 7.425 ; 7.425 ; 7.425 ;
; ADDR[4]    ; 7_SEGMENT_1[3] ; 7.560 ; 7.560 ; 7.560 ; 7.560 ;
; ADDR[4]    ; 7_SEGMENT_1[4] ; 7.558 ; 7.558 ; 7.558 ; 7.558 ;
; ADDR[4]    ; 7_SEGMENT_1[5] ; 7.549 ; 7.549 ; 7.549 ; 7.549 ;
; ADDR[4]    ; 7_SEGMENT_1[6] ; 7.436 ; 7.436 ; 7.436 ; 7.436 ;
; ADDR[4]    ; 7_SEGMENT_2[0] ; 7.405 ; 7.405 ; 7.405 ; 7.405 ;
; ADDR[4]    ; 7_SEGMENT_2[2] ; 7.288 ; 7.288 ; 7.288 ; 7.288 ;
; ADDR[4]    ; 7_SEGMENT_2[3] ; 7.395 ; 7.395 ; 7.395 ; 7.395 ;
; ADDR[4]    ; 7_SEGMENT_2[4] ; 6.327 ; 6.327 ; 6.327 ; 6.327 ;
; ADDR[4]    ; 7_SEGMENT_2[5] ; 7.263 ; 7.263 ; 7.263 ; 7.263 ;
; ADDR[4]    ; 7_SEGMENT_2[6] ; 7.298 ; 7.186 ; 7.186 ; 7.298 ;
; ADDR[4]    ; FLOOR[0]       ; 6.422 ; 6.422 ; 6.422 ; 6.422 ;
; ADDR[4]    ; FLOOR[1]       ; 6.347 ; 6.347 ; 6.347 ; 6.347 ;
; ADDR[4]    ; FLOOR[2]       ; 6.408 ; 6.520 ; 6.520 ; 6.408 ;
; ADDR[4]    ; O[0]           ; 6.483 ; 6.483 ; 6.483 ; 6.483 ;
; ADDR[4]    ; O[1]           ; 7.001 ; 7.001 ; 7.001 ; 7.001 ;
; ADDR[4]    ; O[2]           ; 7.278 ; 7.278 ; 7.278 ; 7.278 ;
; ADDR[4]    ; O[3]           ; 7.241 ; 7.241 ; 7.241 ; 7.241 ;
; ADDR[4]    ; VALUE[0]       ; 4.677 ; 4.677 ; 4.677 ; 4.677 ;
; ADDR[4]    ; VALUE[1]       ; 4.496 ; 4.736 ; 4.736 ; 4.496 ;
; ADDR[4]    ; VALUE[2]       ; 4.152 ; 4.807 ; 4.807 ; 4.152 ;
; ADDR[4]    ; VALUE[3]       ; 4.877 ; 5.228 ; 5.228 ; 4.877 ;
; ADDR[4]    ; VALUE[4]       ; 4.987 ; 4.987 ; 4.987 ; 4.987 ;
; ADDR[4]    ; VALUE[5]       ; 3.947 ; 5.091 ; 5.091 ; 3.947 ;
; ADDR[5]    ; 7_SEGMENT_1[0] ; 7.616 ; 7.616 ; 7.616 ; 7.616 ;
; ADDR[5]    ; 7_SEGMENT_1[1] ; 7.640 ; 7.640 ; 7.640 ; 7.640 ;
; ADDR[5]    ; 7_SEGMENT_1[2] ; 7.539 ; 7.539 ; 7.539 ; 7.539 ;
; ADDR[5]    ; 7_SEGMENT_1[3] ; 7.674 ; 7.674 ; 7.674 ; 7.674 ;
; ADDR[5]    ; 7_SEGMENT_1[4] ; 7.672 ; 7.672 ; 7.672 ; 7.672 ;
; ADDR[5]    ; 7_SEGMENT_1[5] ; 7.663 ; 7.663 ; 7.663 ; 7.663 ;
; ADDR[5]    ; 7_SEGMENT_1[6] ; 7.550 ; 7.550 ; 7.550 ; 7.550 ;
; ADDR[5]    ; 7_SEGMENT_2[0] ; 7.519 ; 7.519 ; 7.519 ; 7.519 ;
; ADDR[5]    ; 7_SEGMENT_2[2] ; 7.402 ; 7.402 ; 7.402 ; 7.402 ;
; ADDR[5]    ; 7_SEGMENT_2[3] ; 7.509 ; 7.509 ; 7.509 ; 7.509 ;
; ADDR[5]    ; 7_SEGMENT_2[4] ; 6.441 ; 6.441 ; 6.441 ; 6.441 ;
; ADDR[5]    ; 7_SEGMENT_2[5] ; 7.377 ; 7.377 ; 7.377 ; 7.377 ;
; ADDR[5]    ; 7_SEGMENT_2[6] ; 7.412 ; 7.412 ; 7.412 ; 7.412 ;
; ADDR[5]    ; FLOOR[0]       ; 6.536 ; 6.536 ; 6.536 ; 6.536 ;
; ADDR[5]    ; FLOOR[1]       ; 6.461 ; 6.461 ; 6.461 ; 6.461 ;
; ADDR[5]    ; FLOOR[2]       ; 6.634 ; 6.634 ; 6.634 ; 6.634 ;
; ADDR[5]    ; O[0]           ; 6.597 ; 6.597 ; 6.597 ; 6.597 ;
; ADDR[5]    ; O[1]           ; 7.115 ; 7.115 ; 7.115 ; 7.115 ;
; ADDR[5]    ; O[2]           ; 7.392 ; 7.392 ; 7.392 ; 7.392 ;
; ADDR[5]    ; O[3]           ; 7.355 ; 7.355 ; 7.355 ; 7.355 ;
; ADDR[5]    ; VALUE[0]       ; 4.651 ; 4.651 ; 4.651 ; 4.651 ;
; ADDR[5]    ; VALUE[1]       ; 4.713 ; 4.778 ; 4.778 ; 4.713 ;
; ADDR[5]    ; VALUE[2]       ; 4.269 ; 4.849 ; 4.849 ; 4.269 ;
; ADDR[5]    ; VALUE[3]       ; 5.011 ; 5.270 ; 5.270 ; 5.011 ;
; ADDR[5]    ; VALUE[4]       ; 5.213 ; 5.213 ; 5.213 ; 5.213 ;
; ADDR[5]    ; VALUE[5]       ; 4.401 ; 5.133 ; 5.133 ; 4.401 ;
; MODE[0]    ; POP            ; 3.666 ;       ;       ; 3.666 ;
; MODE[0]    ; PUSH           ;       ; 3.655 ; 3.655 ;       ;
; MODE[1]    ; POP            ; 3.430 ;       ;       ; 3.430 ;
; MODE[1]    ; PUSH           ; 3.436 ;       ;       ; 3.436 ;
+------------+----------------+-------+-------+-------+-------+


+-------------------------------------------------------------+
; Minimum Propagation Delay                                   ;
+------------+----------------+-------+-------+-------+-------+
; Input Port ; Output Port    ; RR    ; RF    ; FR    ; FF    ;
+------------+----------------+-------+-------+-------+-------+
; ADDR[0]    ; 7_SEGMENT_1[0] ; 5.173 ; 5.173 ; 5.173 ; 5.173 ;
; ADDR[0]    ; 7_SEGMENT_1[1] ; 5.192 ; 5.192 ; 5.192 ; 5.192 ;
; ADDR[0]    ; 7_SEGMENT_1[2] ; 5.096 ; 5.096 ; 5.096 ; 5.096 ;
; ADDR[0]    ; 7_SEGMENT_1[3] ; 5.217 ; 5.217 ; 5.217 ; 5.217 ;
; ADDR[0]    ; 7_SEGMENT_1[4] ; 5.224 ; 5.224 ; 5.224 ; 5.224 ;
; ADDR[0]    ; 7_SEGMENT_1[5] ; 5.217 ; 5.217 ; 5.217 ; 5.217 ;
; ADDR[0]    ; 7_SEGMENT_1[6] ; 5.093 ; 5.093 ; 5.093 ; 5.093 ;
; ADDR[0]    ; 7_SEGMENT_2[0] ; 4.784 ; 4.784 ; 4.784 ; 4.784 ;
; ADDR[0]    ; 7_SEGMENT_2[2] ; 4.672 ; 4.672 ; 4.672 ; 4.672 ;
; ADDR[0]    ; 7_SEGMENT_2[3] ; 4.774 ; 4.774 ; 4.774 ; 4.774 ;
; ADDR[0]    ; 7_SEGMENT_2[4] ; 4.502 ; 4.502 ; 4.502 ; 4.502 ;
; ADDR[0]    ; 7_SEGMENT_2[5] ; 4.641 ; 4.641 ; 4.641 ; 4.641 ;
; ADDR[0]    ; 7_SEGMENT_2[6] ; 4.679 ; 4.679 ; 4.679 ; 4.679 ;
; ADDR[0]    ; FLOOR[0]       ; 4.597 ; 4.597 ; 4.597 ; 4.597 ;
; ADDR[0]    ; FLOOR[1]       ; 4.728 ; 4.728 ; 4.728 ; 4.728 ;
; ADDR[0]    ; FLOOR[2]       ; 4.973 ; 4.695 ; 4.695 ; 4.973 ;
; ADDR[0]    ; O[0]           ; 4.658 ; 4.658 ; 4.658 ; 4.658 ;
; ADDR[0]    ; O[1]           ; 4.890 ; 4.890 ; 4.890 ; 4.890 ;
; ADDR[0]    ; O[2]           ; 5.045 ; 5.045 ; 5.045 ; 5.045 ;
; ADDR[0]    ; O[3]           ; 5.007 ; 5.007 ; 5.007 ; 5.007 ;
; ADDR[0]    ; VALUE[0]       ; 4.500 ; 4.500 ; 4.500 ; 4.500 ;
; ADDR[0]    ; VALUE[1]       ; 4.570 ; 4.570 ; 4.570 ; 4.570 ;
; ADDR[0]    ; VALUE[2]       ; 4.316 ; 4.316 ; 4.316 ; 4.316 ;
; ADDR[0]    ; VALUE[3]       ; 4.795 ; 4.518 ; 4.518 ; 4.795 ;
; ADDR[0]    ; VALUE[4]       ; 4.516 ; 4.516 ; 4.516 ; 4.516 ;
; ADDR[0]    ; VALUE[5]       ; 4.853 ; 4.853 ; 4.853 ; 4.853 ;
; ADDR[1]    ; 7_SEGMENT_1[0] ; 5.127 ; 5.127 ; 5.127 ; 5.127 ;
; ADDR[1]    ; 7_SEGMENT_1[1] ; 5.146 ; 5.146 ; 5.146 ; 5.146 ;
; ADDR[1]    ; 7_SEGMENT_1[2] ; 5.050 ; 5.050 ; 5.050 ; 5.050 ;
; ADDR[1]    ; 7_SEGMENT_1[3] ; 5.171 ; 5.171 ; 5.171 ; 5.171 ;
; ADDR[1]    ; 7_SEGMENT_1[4] ; 5.178 ; 5.178 ; 5.178 ; 5.178 ;
; ADDR[1]    ; 7_SEGMENT_1[5] ; 5.171 ; 5.171 ; 5.171 ; 5.171 ;
; ADDR[1]    ; 7_SEGMENT_1[6] ; 5.047 ; 5.047 ; 5.047 ; 5.047 ;
; ADDR[1]    ; 7_SEGMENT_2[0] ; 5.046 ; 5.046 ; 5.046 ; 5.046 ;
; ADDR[1]    ; 7_SEGMENT_2[2] ; 4.934 ; 4.934 ; 4.934 ; 4.934 ;
; ADDR[1]    ; 7_SEGMENT_2[3] ; 5.036 ; 5.036 ; 5.036 ; 5.036 ;
; ADDR[1]    ; 7_SEGMENT_2[4] ; 4.646 ; 4.646 ; 4.646 ; 4.646 ;
; ADDR[1]    ; 7_SEGMENT_2[5] ; 4.903 ; 4.903 ; 4.903 ; 4.903 ;
; ADDR[1]    ; 7_SEGMENT_2[6] ; 4.941 ; 4.941 ; 4.941 ; 4.941 ;
; ADDR[1]    ; FLOOR[0]       ; 4.741 ; 4.741 ; 4.741 ; 4.741 ;
; ADDR[1]    ; FLOOR[1]       ; 4.815 ; 4.815 ; 4.815 ; 4.815 ;
; ADDR[1]    ; FLOOR[2]       ; 4.839 ; 4.839 ; 4.839 ; 4.839 ;
; ADDR[1]    ; O[0]           ; 4.612 ; 4.612 ; 4.612 ; 4.612 ;
; ADDR[1]    ; O[1]           ; 4.882 ; 4.882 ; 4.882 ; 4.882 ;
; ADDR[1]    ; O[2]           ; 5.160 ; 5.160 ; 5.160 ; 5.160 ;
; ADDR[1]    ; O[3]           ; 5.123 ; 5.123 ; 5.123 ; 5.123 ;
; ADDR[1]    ; VALUE[0]       ; 4.381 ; 4.381 ; 4.381 ; 4.381 ;
; ADDR[1]    ; VALUE[1]       ; 4.584 ; 4.584 ; 4.584 ; 4.584 ;
; ADDR[1]    ; VALUE[2]       ; 4.231 ; 4.231 ; 4.231 ; 4.231 ;
; ADDR[1]    ; VALUE[3]       ; 4.661 ; 4.661 ; 4.661 ; 4.661 ;
; ADDR[1]    ; VALUE[4]       ; 4.778 ; 4.778 ; 4.778 ; 4.778 ;
; ADDR[1]    ; VALUE[5]       ; 4.741 ; 4.744 ; 4.744 ; 4.741 ;
; ADDR[2]    ; 7_SEGMENT_1[0] ; 4.649 ; 4.649 ; 4.649 ; 4.649 ;
; ADDR[2]    ; 7_SEGMENT_1[1] ; 4.668 ; 4.668 ; 4.668 ; 4.668 ;
; ADDR[2]    ; 7_SEGMENT_1[2] ; 4.572 ; 4.572 ; 4.572 ; 4.572 ;
; ADDR[2]    ; 7_SEGMENT_1[3] ; 4.693 ; 4.693 ; 4.693 ; 4.693 ;
; ADDR[2]    ; 7_SEGMENT_1[4] ; 4.700 ; 4.700 ; 4.700 ; 4.700 ;
; ADDR[2]    ; 7_SEGMENT_1[5] ; 4.693 ; 4.693 ; 4.693 ; 4.693 ;
; ADDR[2]    ; 7_SEGMENT_1[6] ; 4.569 ; 4.569 ; 4.569 ; 4.569 ;
; ADDR[2]    ; 7_SEGMENT_2[0] ; 4.467 ; 4.467 ; 4.467 ; 4.467 ;
; ADDR[2]    ; 7_SEGMENT_2[2] ; 4.355 ; 4.355 ; 4.355 ; 4.355 ;
; ADDR[2]    ; 7_SEGMENT_2[3] ; 4.457 ; 4.457 ; 4.457 ; 4.457 ;
; ADDR[2]    ; 7_SEGMENT_2[4] ; 4.047 ; 4.047 ; 4.047 ; 4.047 ;
; ADDR[2]    ; 7_SEGMENT_2[5] ; 4.324 ; 4.324 ; 4.324 ; 4.324 ;
; ADDR[2]    ; 7_SEGMENT_2[6] ; 4.362 ; 4.362 ; 4.362 ; 4.362 ;
; ADDR[2]    ; FLOOR[0]       ; 4.142 ; 4.142 ; 4.142 ; 4.142 ;
; ADDR[2]    ; FLOOR[1]       ; 4.274 ; 4.274 ; 4.274 ; 4.274 ;
; ADDR[2]    ; FLOOR[2]       ; 4.846 ; 4.240 ; 4.240 ; 4.846 ;
; ADDR[2]    ; O[0]           ; 4.134 ; 4.134 ; 4.134 ; 4.134 ;
; ADDR[2]    ; O[1]           ; 4.404 ; 4.404 ; 4.404 ; 4.404 ;
; ADDR[2]    ; O[2]           ; 4.590 ; 4.590 ; 4.590 ; 4.590 ;
; ADDR[2]    ; O[3]           ; 4.552 ; 4.552 ; 4.552 ; 4.552 ;
; ADDR[2]    ; VALUE[0]       ; 3.950 ; 3.903 ; 3.903 ; 3.950 ;
; ADDR[2]    ; VALUE[1]       ; 4.326 ; 4.071 ; 4.071 ; 4.326 ;
; ADDR[2]    ; VALUE[2]       ; 4.000 ; 3.672 ; 3.672 ; 4.000 ;
; ADDR[2]    ; VALUE[3]       ; 4.670 ; 4.062 ; 4.062 ; 4.670 ;
; ADDR[2]    ; VALUE[4]       ; 4.199 ; 4.199 ; 4.199 ; 4.199 ;
; ADDR[2]    ; VALUE[5]       ; 4.705 ; 4.058 ; 4.058 ; 4.705 ;
; ADDR[3]    ; 7_SEGMENT_1[0] ; 4.884 ; 4.884 ; 4.884 ; 4.884 ;
; ADDR[3]    ; 7_SEGMENT_1[1] ; 4.903 ; 4.903 ; 4.903 ; 4.903 ;
; ADDR[3]    ; 7_SEGMENT_1[2] ; 4.807 ; 4.807 ; 4.807 ; 4.807 ;
; ADDR[3]    ; 7_SEGMENT_1[3] ; 4.928 ; 4.928 ; 4.928 ; 4.928 ;
; ADDR[3]    ; 7_SEGMENT_1[4] ; 4.935 ; 4.935 ; 4.935 ; 4.935 ;
; ADDR[3]    ; 7_SEGMENT_1[5] ; 4.928 ; 4.928 ; 4.928 ; 4.928 ;
; ADDR[3]    ; 7_SEGMENT_1[6] ; 4.804 ; 4.804 ; 4.804 ; 4.804 ;
; ADDR[3]    ; 7_SEGMENT_2[0] ; 4.525 ; 4.525 ; 4.525 ; 4.525 ;
; ADDR[3]    ; 7_SEGMENT_2[2] ; 4.405 ; 4.405 ; 4.405 ; 4.405 ;
; ADDR[3]    ; 7_SEGMENT_2[3] ; 4.515 ; 4.515 ; 4.515 ; 4.515 ;
; ADDR[3]    ; 7_SEGMENT_2[4] ; 4.273 ; 4.273 ; 4.273 ; 4.273 ;
; ADDR[3]    ; 7_SEGMENT_2[5] ; 4.381 ; 4.381 ; 4.381 ; 4.381 ;
; ADDR[3]    ; 7_SEGMENT_2[6] ; 4.481 ; 4.415 ; 4.415 ; 4.481 ;
; ADDR[3]    ; FLOOR[0]       ; 4.368 ; 4.368 ; 4.368 ; 4.368 ;
; ADDR[3]    ; FLOOR[1]       ; 4.499 ; 4.499 ; 4.499 ; 4.499 ;
; ADDR[3]    ; FLOOR[2]       ; 4.466 ; 4.589 ; 4.589 ; 4.466 ;
; ADDR[3]    ; O[0]           ; 4.369 ; 4.369 ; 4.369 ; 4.369 ;
; ADDR[3]    ; O[1]           ; 4.639 ; 4.639 ; 4.639 ; 4.639 ;
; ADDR[3]    ; O[2]           ; 4.816 ; 4.816 ; 4.816 ; 4.816 ;
; ADDR[3]    ; O[3]           ; 4.778 ; 4.778 ; 4.778 ; 4.778 ;
; ADDR[3]    ; VALUE[0]       ; 4.138 ; 4.187 ; 4.187 ; 4.138 ;
; ADDR[3]    ; VALUE[1]       ; 4.270 ; 4.398 ; 4.398 ; 4.270 ;
; ADDR[3]    ; VALUE[2]       ; 4.168 ; 3.930 ; 3.930 ; 4.168 ;
; ADDR[3]    ; VALUE[3]       ; 4.289 ; 4.412 ; 4.412 ; 4.289 ;
; ADDR[3]    ; VALUE[4]       ; 4.606 ; 4.318 ; 4.318 ; 4.606 ;
; ADDR[3]    ; VALUE[5]       ; 3.979 ; 4.060 ; 4.060 ; 3.979 ;
; ADDR[4]    ; 7_SEGMENT_1[0] ; 4.910 ; 4.910 ; 4.910 ; 4.910 ;
; ADDR[4]    ; 7_SEGMENT_1[1] ; 4.929 ; 4.929 ; 4.929 ; 4.929 ;
; ADDR[4]    ; 7_SEGMENT_1[2] ; 4.833 ; 4.833 ; 4.833 ; 4.833 ;
; ADDR[4]    ; 7_SEGMENT_1[3] ; 4.954 ; 4.954 ; 4.954 ; 4.954 ;
; ADDR[4]    ; 7_SEGMENT_1[4] ; 4.961 ; 4.961 ; 4.961 ; 4.961 ;
; ADDR[4]    ; 7_SEGMENT_1[5] ; 4.954 ; 4.954 ; 4.954 ; 4.954 ;
; ADDR[4]    ; 7_SEGMENT_1[6] ; 4.830 ; 4.830 ; 4.830 ; 4.830 ;
; ADDR[4]    ; 7_SEGMENT_2[0] ; 4.423 ; 4.423 ; 4.423 ; 4.423 ;
; ADDR[4]    ; 7_SEGMENT_2[2] ; 4.303 ; 4.303 ; 4.303 ; 4.303 ;
; ADDR[4]    ; 7_SEGMENT_2[3] ; 4.413 ; 4.413 ; 4.413 ; 4.413 ;
; ADDR[4]    ; 7_SEGMENT_2[4] ; 4.241 ; 4.241 ; 4.241 ; 4.241 ;
; ADDR[4]    ; 7_SEGMENT_2[5] ; 4.279 ; 4.279 ; 4.279 ; 4.279 ;
; ADDR[4]    ; 7_SEGMENT_2[6] ; 4.313 ; 4.313 ; 4.313 ; 4.313 ;
; ADDR[4]    ; FLOOR[0]       ; 4.402 ; 4.402 ; 4.402 ; 4.402 ;
; ADDR[4]    ; FLOOR[1]       ; 4.534 ; 4.534 ; 4.534 ; 4.534 ;
; ADDR[4]    ; FLOOR[2]       ; 4.407 ; 4.407 ; 4.407 ; 4.407 ;
; ADDR[4]    ; O[0]           ; 4.395 ; 4.395 ; 4.395 ; 4.395 ;
; ADDR[4]    ; O[1]           ; 4.665 ; 4.665 ; 4.665 ; 4.665 ;
; ADDR[4]    ; O[2]           ; 4.784 ; 4.784 ; 4.784 ; 4.784 ;
; ADDR[4]    ; O[3]           ; 4.746 ; 4.746 ; 4.746 ; 4.746 ;
; ADDR[4]    ; VALUE[0]       ; 4.276 ; 4.164 ; 4.164 ; 4.276 ;
; ADDR[4]    ; VALUE[1]       ; 4.226 ; 4.211 ; 4.211 ; 4.226 ;
; ADDR[4]    ; VALUE[2]       ; 4.027 ; 3.871 ; 3.871 ; 4.027 ;
; ADDR[4]    ; VALUE[3]       ; 4.353 ; 4.322 ; 4.322 ; 4.353 ;
; ADDR[4]    ; VALUE[4]       ; 4.347 ; 4.508 ; 4.508 ; 4.347 ;
; ADDR[4]    ; VALUE[5]       ; 3.877 ; 3.877 ; 3.877 ; 3.877 ;
; ADDR[5]    ; 7_SEGMENT_1[0] ; 5.278 ; 5.278 ; 5.278 ; 5.278 ;
; ADDR[5]    ; 7_SEGMENT_1[1] ; 5.297 ; 5.297 ; 5.297 ; 5.297 ;
; ADDR[5]    ; 7_SEGMENT_1[2] ; 5.201 ; 5.201 ; 5.201 ; 5.201 ;
; ADDR[5]    ; 7_SEGMENT_1[3] ; 5.322 ; 5.322 ; 5.322 ; 5.322 ;
; ADDR[5]    ; 7_SEGMENT_1[4] ; 5.329 ; 5.329 ; 5.329 ; 5.329 ;
; ADDR[5]    ; 7_SEGMENT_1[5] ; 5.322 ; 5.322 ; 5.322 ; 5.322 ;
; ADDR[5]    ; 7_SEGMENT_1[6] ; 5.198 ; 5.198 ; 5.198 ; 5.198 ;
; ADDR[5]    ; 7_SEGMENT_2[0] ; 4.859 ; 4.859 ; 4.859 ; 4.859 ;
; ADDR[5]    ; 7_SEGMENT_2[2] ; 4.747 ; 4.747 ; 4.747 ; 4.747 ;
; ADDR[5]    ; 7_SEGMENT_2[3] ; 4.849 ; 4.849 ; 4.849 ; 4.849 ;
; ADDR[5]    ; 7_SEGMENT_2[4] ; 4.709 ; 4.709 ; 4.709 ; 4.709 ;
; ADDR[5]    ; 7_SEGMENT_2[5] ; 4.716 ; 4.716 ; 4.716 ; 4.716 ;
; ADDR[5]    ; 7_SEGMENT_2[6] ; 4.754 ; 4.837 ; 4.837 ; 4.754 ;
; ADDR[5]    ; FLOOR[0]       ; 4.804 ; 4.804 ; 4.804 ; 4.804 ;
; ADDR[5]    ; FLOOR[1]       ; 4.936 ; 4.936 ; 4.936 ; 4.936 ;
; ADDR[5]    ; FLOOR[2]       ; 4.902 ; 4.902 ; 4.902 ; 4.902 ;
; ADDR[5]    ; O[0]           ; 4.763 ; 4.763 ; 4.763 ; 4.763 ;
; ADDR[5]    ; O[1]           ; 5.033 ; 5.033 ; 5.033 ; 5.033 ;
; ADDR[5]    ; O[2]           ; 5.252 ; 5.252 ; 5.252 ; 5.252 ;
; ADDR[5]    ; O[3]           ; 5.214 ; 5.214 ; 5.214 ; 5.214 ;
; ADDR[5]    ; VALUE[0]       ; 4.532 ; 4.532 ; 4.532 ; 4.532 ;
; ADDR[5]    ; VALUE[1]       ; 4.480 ; 4.480 ; 4.480 ; 4.480 ;
; ADDR[5]    ; VALUE[2]       ; 4.075 ; 4.075 ; 4.075 ; 4.075 ;
; ADDR[5]    ; VALUE[3]       ; 4.725 ; 4.725 ; 4.725 ; 4.725 ;
; ADDR[5]    ; VALUE[4]       ; 4.968 ; 4.591 ; 4.591 ; 4.968 ;
; ADDR[5]    ; VALUE[5]       ; 4.401 ; 4.401 ; 4.401 ; 4.401 ;
; MODE[0]    ; POP            ; 3.666 ;       ;       ; 3.666 ;
; MODE[0]    ; PUSH           ;       ; 3.655 ; 3.655 ;       ;
; MODE[1]    ; POP            ; 3.430 ;       ;       ; 3.430 ;
; MODE[1]    ; PUSH           ; 3.436 ;       ;       ; 3.436 ;
+------------+----------------+-------+-------+-------+-------+


+--------------------------------------------------------------------------------+
; Multicorner Timing Analysis Summary                                            ;
+----------------------+-------+------+----------+---------+---------------------+
; Clock                ; Setup ; Hold ; Recovery ; Removal ; Minimum Pulse Width ;
+----------------------+-------+------+----------+---------+---------------------+
; Worst-case Slack     ; N/A   ; N/A  ; N/A      ; N/A     ; 97.531              ;
;  altera_reserved_tck ; N/A   ; N/A  ; N/A      ; N/A     ; 97.531              ;
; Design-wide TNS      ; 0.0   ; 0.0  ; 0.0      ; 0.0     ; 0.0                 ;
;  altera_reserved_tck ; N/A   ; N/A  ; N/A      ; N/A     ; 0.000               ;
+----------------------+-------+------+----------+---------+---------------------+


+-----------------------------------------------------------------+
; Progagation Delay                                               ;
+------------+----------------+--------+--------+--------+--------+
; Input Port ; Output Port    ; RR     ; RF     ; FR     ; FF     ;
+------------+----------------+--------+--------+--------+--------+
; ADDR[0]    ; 7_SEGMENT_1[0] ; 21.010 ; 21.010 ; 21.010 ; 21.010 ;
; ADDR[0]    ; 7_SEGMENT_1[1] ; 21.047 ; 21.047 ; 21.047 ; 21.047 ;
; ADDR[0]    ; 7_SEGMENT_1[2] ; 20.735 ; 20.735 ; 20.735 ; 20.735 ;
; ADDR[0]    ; 7_SEGMENT_1[3] ; 21.067 ; 21.067 ; 21.067 ; 21.067 ;
; ADDR[0]    ; 7_SEGMENT_1[4] ; 21.066 ; 21.066 ; 21.066 ; 21.066 ;
; ADDR[0]    ; 7_SEGMENT_1[5] ; 21.070 ; 21.070 ; 21.070 ; 21.070 ;
; ADDR[0]    ; 7_SEGMENT_1[6] ; 20.744 ; 20.744 ; 20.744 ; 20.744 ;
; ADDR[0]    ; 7_SEGMENT_2[0] ; 20.174 ; 20.174 ; 20.174 ; 20.174 ;
; ADDR[0]    ; 7_SEGMENT_2[2] ; 19.860 ; 19.860 ; 19.860 ; 19.860 ;
; ADDR[0]    ; 7_SEGMENT_2[3] ; 20.164 ; 20.164 ; 20.164 ; 20.164 ;
; ADDR[0]    ; 7_SEGMENT_2[4] ; 17.758 ; 17.758 ; 17.758 ; 17.758 ;
; ADDR[0]    ; 7_SEGMENT_2[5] ; 19.825 ; 19.825 ; 19.825 ; 19.825 ;
; ADDR[0]    ; 7_SEGMENT_2[6] ; 19.863 ; 19.863 ; 19.863 ; 19.863 ;
; ADDR[0]    ; FLOOR[0]       ; 17.980 ; 17.980 ; 17.980 ; 17.980 ;
; ADDR[0]    ; FLOOR[1]       ; 17.458 ; 17.458 ; 17.458 ; 17.458 ;
; ADDR[0]    ; FLOOR[2]       ; 18.131 ; 18.131 ; 18.131 ; 18.131 ;
; ADDR[0]    ; O[0]           ; 18.128 ; 18.128 ; 18.128 ; 18.128 ;
; ADDR[0]    ; O[1]           ; 19.546 ; 19.546 ; 19.546 ; 19.546 ;
; ADDR[0]    ; O[2]           ; 20.372 ; 20.372 ; 20.372 ; 20.372 ;
; ADDR[0]    ; O[3]           ; 20.196 ; 20.196 ; 20.196 ; 20.196 ;
; ADDR[0]    ; VALUE[0]       ; 13.735 ; 13.735 ; 13.735 ; 13.735 ;
; ADDR[0]    ; VALUE[1]       ; 13.407 ; 13.407 ; 13.407 ; 13.407 ;
; ADDR[0]    ; VALUE[2]       ; 12.948 ; 12.948 ; 12.948 ; 12.948 ;
; ADDR[0]    ; VALUE[3]       ; 14.628 ; 14.628 ; 14.628 ; 14.628 ;
; ADDR[0]    ; VALUE[4]       ; 14.253 ; 14.253 ; 14.253 ; 14.253 ;
; ADDR[0]    ; VALUE[5]       ; 15.168 ; 15.168 ; 15.168 ; 15.168 ;
; ADDR[1]    ; 7_SEGMENT_1[0] ; 22.131 ; 22.131 ; 22.131 ; 22.131 ;
; ADDR[1]    ; 7_SEGMENT_1[1] ; 22.168 ; 22.168 ; 22.168 ; 22.168 ;
; ADDR[1]    ; 7_SEGMENT_1[2] ; 21.856 ; 21.856 ; 21.856 ; 21.856 ;
; ADDR[1]    ; 7_SEGMENT_1[3] ; 22.188 ; 22.188 ; 22.188 ; 22.188 ;
; ADDR[1]    ; 7_SEGMENT_1[4] ; 22.187 ; 22.187 ; 22.187 ; 22.187 ;
; ADDR[1]    ; 7_SEGMENT_1[5] ; 22.191 ; 22.191 ; 22.191 ; 22.191 ;
; ADDR[1]    ; 7_SEGMENT_1[6] ; 21.865 ; 21.865 ; 21.865 ; 21.865 ;
; ADDR[1]    ; 7_SEGMENT_2[0] ; 21.295 ; 21.295 ; 21.295 ; 21.295 ;
; ADDR[1]    ; 7_SEGMENT_2[2] ; 20.981 ; 20.981 ; 20.981 ; 20.981 ;
; ADDR[1]    ; 7_SEGMENT_2[3] ; 21.285 ; 21.285 ; 21.285 ; 21.285 ;
; ADDR[1]    ; 7_SEGMENT_2[4] ; 18.879 ; 18.879 ; 18.879 ; 18.879 ;
; ADDR[1]    ; 7_SEGMENT_2[5] ; 20.946 ; 20.946 ; 20.946 ; 20.946 ;
; ADDR[1]    ; 7_SEGMENT_2[6] ; 20.984 ; 20.984 ; 20.984 ; 20.984 ;
; ADDR[1]    ; FLOOR[0]       ; 19.101 ; 19.101 ; 19.101 ; 19.101 ;
; ADDR[1]    ; FLOOR[1]       ; 18.579 ; 18.579 ; 18.579 ; 18.579 ;
; ADDR[1]    ; FLOOR[2]       ; 19.252 ; 19.252 ; 19.252 ; 19.252 ;
; ADDR[1]    ; O[0]           ; 19.249 ; 19.249 ; 19.249 ; 19.249 ;
; ADDR[1]    ; O[1]           ; 20.667 ; 20.667 ; 20.667 ; 20.667 ;
; ADDR[1]    ; O[2]           ; 21.493 ; 21.493 ; 21.493 ; 21.493 ;
; ADDR[1]    ; O[3]           ; 21.317 ; 21.317 ; 21.317 ; 21.317 ;
; ADDR[1]    ; VALUE[0]       ; 13.625 ; 13.625 ; 13.625 ; 13.625 ;
; ADDR[1]    ; VALUE[1]       ; 13.106 ; 13.106 ; 13.106 ; 13.106 ;
; ADDR[1]    ; VALUE[2]       ; 13.924 ; 13.924 ; 13.924 ; 13.924 ;
; ADDR[1]    ; VALUE[3]       ; 15.104 ; 15.104 ; 15.104 ; 15.104 ;
; ADDR[1]    ; VALUE[4]       ; 15.374 ; 15.374 ; 15.374 ; 15.374 ;
; ADDR[1]    ; VALUE[5]       ; 14.800 ; 14.800 ; 14.800 ; 14.800 ;
; ADDR[2]    ; 7_SEGMENT_1[0] ; 20.008 ; 20.008 ; 20.008 ; 20.008 ;
; ADDR[2]    ; 7_SEGMENT_1[1] ; 20.045 ; 20.045 ; 20.045 ; 20.045 ;
; ADDR[2]    ; 7_SEGMENT_1[2] ; 19.733 ; 19.733 ; 19.733 ; 19.733 ;
; ADDR[2]    ; 7_SEGMENT_1[3] ; 20.065 ; 20.065 ; 20.065 ; 20.065 ;
; ADDR[2]    ; 7_SEGMENT_1[4] ; 20.064 ; 20.064 ; 20.064 ; 20.064 ;
; ADDR[2]    ; 7_SEGMENT_1[5] ; 20.068 ; 20.068 ; 20.068 ; 20.068 ;
; ADDR[2]    ; 7_SEGMENT_1[6] ; 19.742 ; 19.742 ; 19.742 ; 19.742 ;
; ADDR[2]    ; 7_SEGMENT_2[0] ; 19.172 ; 19.172 ; 19.172 ; 19.172 ;
; ADDR[2]    ; 7_SEGMENT_2[2] ; 18.858 ; 18.858 ; 18.858 ; 18.858 ;
; ADDR[2]    ; 7_SEGMENT_2[3] ; 19.162 ; 19.162 ; 19.162 ; 19.162 ;
; ADDR[2]    ; 7_SEGMENT_2[4] ; 16.756 ; 16.756 ; 16.756 ; 16.756 ;
; ADDR[2]    ; 7_SEGMENT_2[5] ; 18.823 ; 18.823 ; 18.823 ; 18.823 ;
; ADDR[2]    ; 7_SEGMENT_2[6] ; 18.861 ; 18.861 ; 18.861 ; 18.861 ;
; ADDR[2]    ; FLOOR[0]       ; 16.978 ; 16.978 ; 16.978 ; 16.978 ;
; ADDR[2]    ; FLOOR[1]       ; 16.456 ; 16.456 ; 16.456 ; 16.456 ;
; ADDR[2]    ; FLOOR[2]       ; 17.129 ; 17.129 ; 17.129 ; 17.129 ;
; ADDR[2]    ; O[0]           ; 17.126 ; 17.126 ; 17.126 ; 17.126 ;
; ADDR[2]    ; O[1]           ; 18.544 ; 18.544 ; 18.544 ; 18.544 ;
; ADDR[2]    ; O[2]           ; 19.370 ; 19.370 ; 19.370 ; 19.370 ;
; ADDR[2]    ; O[3]           ; 19.194 ; 19.194 ; 19.194 ; 19.194 ;
; ADDR[2]    ; VALUE[0]       ; 12.152 ; 12.152 ; 12.152 ; 12.152 ;
; ADDR[2]    ; VALUE[1]       ; 11.750 ; 11.750 ; 11.750 ; 11.750 ;
; ADDR[2]    ; VALUE[2]       ; 11.220 ; 11.386 ; 11.386 ; 11.220 ;
; ADDR[2]    ; VALUE[3]       ; 13.443 ; 13.355 ; 13.355 ; 13.443 ;
; ADDR[2]    ; VALUE[4]       ; 13.251 ; 13.251 ; 13.251 ; 13.251 ;
; ADDR[2]    ; VALUE[5]       ; 12.670 ; 11.928 ; 11.928 ; 12.670 ;
; ADDR[3]    ; 7_SEGMENT_1[0] ; 19.212 ; 19.212 ; 19.212 ; 19.212 ;
; ADDR[3]    ; 7_SEGMENT_1[1] ; 19.249 ; 19.249 ; 19.249 ; 19.249 ;
; ADDR[3]    ; 7_SEGMENT_1[2] ; 18.937 ; 18.937 ; 18.937 ; 18.937 ;
; ADDR[3]    ; 7_SEGMENT_1[3] ; 19.269 ; 19.269 ; 19.269 ; 19.269 ;
; ADDR[3]    ; 7_SEGMENT_1[4] ; 19.268 ; 19.268 ; 19.268 ; 19.268 ;
; ADDR[3]    ; 7_SEGMENT_1[5] ; 19.272 ; 19.272 ; 19.272 ; 19.272 ;
; ADDR[3]    ; 7_SEGMENT_1[6] ; 18.946 ; 18.946 ; 18.946 ; 18.946 ;
; ADDR[3]    ; 7_SEGMENT_2[0] ; 18.376 ; 18.376 ; 18.376 ; 18.376 ;
; ADDR[3]    ; 7_SEGMENT_2[2] ; 18.062 ; 18.062 ; 18.062 ; 18.062 ;
; ADDR[3]    ; 7_SEGMENT_2[3] ; 18.366 ; 18.366 ; 18.366 ; 18.366 ;
; ADDR[3]    ; 7_SEGMENT_2[4] ; 15.960 ; 15.960 ; 15.960 ; 15.960 ;
; ADDR[3]    ; 7_SEGMENT_2[5] ; 18.027 ; 18.027 ; 18.027 ; 18.027 ;
; ADDR[3]    ; 7_SEGMENT_2[6] ; 18.065 ; 18.065 ; 18.065 ; 18.065 ;
; ADDR[3]    ; FLOOR[0]       ; 16.182 ; 16.182 ; 16.182 ; 16.182 ;
; ADDR[3]    ; FLOOR[1]       ; 15.660 ; 15.660 ; 15.660 ; 15.660 ;
; ADDR[3]    ; FLOOR[2]       ; 16.333 ; 16.333 ; 16.333 ; 16.333 ;
; ADDR[3]    ; O[0]           ; 16.330 ; 16.330 ; 16.330 ; 16.330 ;
; ADDR[3]    ; O[1]           ; 17.748 ; 17.748 ; 17.748 ; 17.748 ;
; ADDR[3]    ; O[2]           ; 18.574 ; 18.574 ; 18.574 ; 18.574 ;
; ADDR[3]    ; O[3]           ; 18.398 ; 18.398 ; 18.398 ; 18.398 ;
; ADDR[3]    ; VALUE[0]       ; 12.203 ; 12.203 ; 12.203 ; 12.203 ;
; ADDR[3]    ; VALUE[1]       ; 11.356 ; 11.448 ; 11.448 ; 11.356 ;
; ADDR[3]    ; VALUE[2]       ; 11.109 ; 11.109 ; 11.109 ; 11.109 ;
; ADDR[3]    ; VALUE[3]       ; 12.738 ; 12.738 ; 12.738 ; 12.738 ;
; ADDR[3]    ; VALUE[4]       ; 12.455 ; 12.455 ; 12.455 ; 12.455 ;
; ADDR[3]    ; VALUE[5]       ; 11.500 ; 11.648 ; 11.648 ; 11.500 ;
; ADDR[4]    ; 7_SEGMENT_1[0] ; 18.644 ; 18.644 ; 18.644 ; 18.644 ;
; ADDR[4]    ; 7_SEGMENT_1[1] ; 18.681 ; 18.681 ; 18.681 ; 18.681 ;
; ADDR[4]    ; 7_SEGMENT_1[2] ; 18.369 ; 18.369 ; 18.369 ; 18.369 ;
; ADDR[4]    ; 7_SEGMENT_1[3] ; 18.701 ; 18.701 ; 18.701 ; 18.701 ;
; ADDR[4]    ; 7_SEGMENT_1[4] ; 18.700 ; 18.700 ; 18.700 ; 18.700 ;
; ADDR[4]    ; 7_SEGMENT_1[5] ; 18.704 ; 18.704 ; 18.704 ; 18.704 ;
; ADDR[4]    ; 7_SEGMENT_1[6] ; 18.378 ; 18.378 ; 18.378 ; 18.378 ;
; ADDR[4]    ; 7_SEGMENT_2[0] ; 17.808 ; 17.808 ; 17.808 ; 17.808 ;
; ADDR[4]    ; 7_SEGMENT_2[2] ; 17.494 ; 17.494 ; 17.494 ; 17.494 ;
; ADDR[4]    ; 7_SEGMENT_2[3] ; 17.798 ; 17.798 ; 17.798 ; 17.798 ;
; ADDR[4]    ; 7_SEGMENT_2[4] ; 15.392 ; 15.392 ; 15.392 ; 15.392 ;
; ADDR[4]    ; 7_SEGMENT_2[5] ; 17.459 ; 17.459 ; 17.459 ; 17.459 ;
; ADDR[4]    ; 7_SEGMENT_2[6] ; 17.497 ; 17.180 ; 17.180 ; 17.497 ;
; ADDR[4]    ; FLOOR[0]       ; 15.614 ; 15.614 ; 15.614 ; 15.614 ;
; ADDR[4]    ; FLOOR[1]       ; 15.092 ; 15.092 ; 15.092 ; 15.092 ;
; ADDR[4]    ; FLOOR[2]       ; 15.448 ; 15.765 ; 15.765 ; 15.448 ;
; ADDR[4]    ; O[0]           ; 15.762 ; 15.762 ; 15.762 ; 15.762 ;
; ADDR[4]    ; O[1]           ; 17.180 ; 17.180 ; 17.180 ; 17.180 ;
; ADDR[4]    ; O[2]           ; 18.006 ; 18.006 ; 18.006 ; 18.006 ;
; ADDR[4]    ; O[3]           ; 17.830 ; 17.830 ; 17.830 ; 17.830 ;
; ADDR[4]    ; VALUE[0]       ; 10.879 ; 10.879 ; 10.879 ; 10.879 ;
; ADDR[4]    ; VALUE[1]       ; 10.479 ; 11.011 ; 11.011 ; 10.479 ;
; ADDR[4]    ; VALUE[2]       ; 9.381  ; 11.146 ; 11.146 ; 9.381  ;
; ADDR[4]    ; VALUE[3]       ; 11.376 ; 12.301 ; 12.301 ; 11.376 ;
; ADDR[4]    ; VALUE[4]       ; 11.570 ; 11.570 ; 11.570 ; 11.570 ;
; ADDR[4]    ; VALUE[5]       ; 9.049  ; 11.876 ; 11.876 ; 9.049  ;
; ADDR[5]    ; 7_SEGMENT_1[0] ; 18.715 ; 18.715 ; 18.715 ; 18.715 ;
; ADDR[5]    ; 7_SEGMENT_1[1] ; 18.752 ; 18.752 ; 18.752 ; 18.752 ;
; ADDR[5]    ; 7_SEGMENT_1[2] ; 18.440 ; 18.440 ; 18.440 ; 18.440 ;
; ADDR[5]    ; 7_SEGMENT_1[3] ; 18.772 ; 18.772 ; 18.772 ; 18.772 ;
; ADDR[5]    ; 7_SEGMENT_1[4] ; 18.771 ; 18.771 ; 18.771 ; 18.771 ;
; ADDR[5]    ; 7_SEGMENT_1[5] ; 18.775 ; 18.775 ; 18.775 ; 18.775 ;
; ADDR[5]    ; 7_SEGMENT_1[6] ; 18.449 ; 18.449 ; 18.449 ; 18.449 ;
; ADDR[5]    ; 7_SEGMENT_2[0] ; 17.879 ; 17.879 ; 17.879 ; 17.879 ;
; ADDR[5]    ; 7_SEGMENT_2[2] ; 17.565 ; 17.565 ; 17.565 ; 17.565 ;
; ADDR[5]    ; 7_SEGMENT_2[3] ; 17.869 ; 17.869 ; 17.869 ; 17.869 ;
; ADDR[5]    ; 7_SEGMENT_2[4] ; 15.463 ; 15.463 ; 15.463 ; 15.463 ;
; ADDR[5]    ; 7_SEGMENT_2[5] ; 17.530 ; 17.530 ; 17.530 ; 17.530 ;
; ADDR[5]    ; 7_SEGMENT_2[6] ; 17.568 ; 17.568 ; 17.568 ; 17.568 ;
; ADDR[5]    ; FLOOR[0]       ; 15.685 ; 15.685 ; 15.685 ; 15.685 ;
; ADDR[5]    ; FLOOR[1]       ; 15.163 ; 15.163 ; 15.163 ; 15.163 ;
; ADDR[5]    ; FLOOR[2]       ; 15.836 ; 15.836 ; 15.836 ; 15.836 ;
; ADDR[5]    ; O[0]           ; 15.833 ; 15.833 ; 15.833 ; 15.833 ;
; ADDR[5]    ; O[1]           ; 17.251 ; 17.251 ; 17.251 ; 17.251 ;
; ADDR[5]    ; O[2]           ; 18.077 ; 18.077 ; 18.077 ; 18.077 ;
; ADDR[5]    ; O[3]           ; 17.901 ; 17.901 ; 17.901 ; 17.901 ;
; ADDR[5]    ; VALUE[0]       ; 10.715 ; 10.715 ; 10.715 ; 10.715 ;
; ADDR[5]    ; VALUE[1]       ; 10.829 ; 10.987 ; 10.987 ; 10.829 ;
; ADDR[5]    ; VALUE[2]       ; 9.657  ; 11.122 ; 11.122 ; 9.657  ;
; ADDR[5]    ; VALUE[3]       ; 11.730 ; 12.277 ; 12.277 ; 11.730 ;
; ADDR[5]    ; VALUE[4]       ; 11.958 ; 11.958 ; 11.958 ; 11.958 ;
; ADDR[5]    ; VALUE[5]       ; 10.056 ; 11.852 ; 11.852 ; 10.056 ;
; MODE[0]    ; POP            ; 7.852  ;        ;        ; 7.852  ;
; MODE[0]    ; PUSH           ;        ; 7.784  ; 7.784  ;        ;
; MODE[1]    ; POP            ; 7.221  ;        ;        ; 7.221  ;
; MODE[1]    ; PUSH           ; 7.232  ;        ;        ; 7.232  ;
+------------+----------------+--------+--------+--------+--------+


+-------------------------------------------------------------+
; Minimum Progagation Delay                                   ;
+------------+----------------+-------+-------+-------+-------+
; Input Port ; Output Port    ; RR    ; RF    ; FR    ; FF    ;
+------------+----------------+-------+-------+-------+-------+
; ADDR[0]    ; 7_SEGMENT_1[0] ; 5.173 ; 5.173 ; 5.173 ; 5.173 ;
; ADDR[0]    ; 7_SEGMENT_1[1] ; 5.192 ; 5.192 ; 5.192 ; 5.192 ;
; ADDR[0]    ; 7_SEGMENT_1[2] ; 5.096 ; 5.096 ; 5.096 ; 5.096 ;
; ADDR[0]    ; 7_SEGMENT_1[3] ; 5.217 ; 5.217 ; 5.217 ; 5.217 ;
; ADDR[0]    ; 7_SEGMENT_1[4] ; 5.224 ; 5.224 ; 5.224 ; 5.224 ;
; ADDR[0]    ; 7_SEGMENT_1[5] ; 5.217 ; 5.217 ; 5.217 ; 5.217 ;
; ADDR[0]    ; 7_SEGMENT_1[6] ; 5.093 ; 5.093 ; 5.093 ; 5.093 ;
; ADDR[0]    ; 7_SEGMENT_2[0] ; 4.784 ; 4.784 ; 4.784 ; 4.784 ;
; ADDR[0]    ; 7_SEGMENT_2[2] ; 4.672 ; 4.672 ; 4.672 ; 4.672 ;
; ADDR[0]    ; 7_SEGMENT_2[3] ; 4.774 ; 4.774 ; 4.774 ; 4.774 ;
; ADDR[0]    ; 7_SEGMENT_2[4] ; 4.502 ; 4.502 ; 4.502 ; 4.502 ;
; ADDR[0]    ; 7_SEGMENT_2[5] ; 4.641 ; 4.641 ; 4.641 ; 4.641 ;
; ADDR[0]    ; 7_SEGMENT_2[6] ; 4.679 ; 4.679 ; 4.679 ; 4.679 ;
; ADDR[0]    ; FLOOR[0]       ; 4.597 ; 4.597 ; 4.597 ; 4.597 ;
; ADDR[0]    ; FLOOR[1]       ; 4.728 ; 4.728 ; 4.728 ; 4.728 ;
; ADDR[0]    ; FLOOR[2]       ; 4.973 ; 4.695 ; 4.695 ; 4.973 ;
; ADDR[0]    ; O[0]           ; 4.658 ; 4.658 ; 4.658 ; 4.658 ;
; ADDR[0]    ; O[1]           ; 4.890 ; 4.890 ; 4.890 ; 4.890 ;
; ADDR[0]    ; O[2]           ; 5.045 ; 5.045 ; 5.045 ; 5.045 ;
; ADDR[0]    ; O[3]           ; 5.007 ; 5.007 ; 5.007 ; 5.007 ;
; ADDR[0]    ; VALUE[0]       ; 4.500 ; 4.500 ; 4.500 ; 4.500 ;
; ADDR[0]    ; VALUE[1]       ; 4.570 ; 4.570 ; 4.570 ; 4.570 ;
; ADDR[0]    ; VALUE[2]       ; 4.316 ; 4.316 ; 4.316 ; 4.316 ;
; ADDR[0]    ; VALUE[3]       ; 4.795 ; 4.518 ; 4.518 ; 4.795 ;
; ADDR[0]    ; VALUE[4]       ; 4.516 ; 4.516 ; 4.516 ; 4.516 ;
; ADDR[0]    ; VALUE[5]       ; 4.853 ; 4.853 ; 4.853 ; 4.853 ;
; ADDR[1]    ; 7_SEGMENT_1[0] ; 5.127 ; 5.127 ; 5.127 ; 5.127 ;
; ADDR[1]    ; 7_SEGMENT_1[1] ; 5.146 ; 5.146 ; 5.146 ; 5.146 ;
; ADDR[1]    ; 7_SEGMENT_1[2] ; 5.050 ; 5.050 ; 5.050 ; 5.050 ;
; ADDR[1]    ; 7_SEGMENT_1[3] ; 5.171 ; 5.171 ; 5.171 ; 5.171 ;
; ADDR[1]    ; 7_SEGMENT_1[4] ; 5.178 ; 5.178 ; 5.178 ; 5.178 ;
; ADDR[1]    ; 7_SEGMENT_1[5] ; 5.171 ; 5.171 ; 5.171 ; 5.171 ;
; ADDR[1]    ; 7_SEGMENT_1[6] ; 5.047 ; 5.047 ; 5.047 ; 5.047 ;
; ADDR[1]    ; 7_SEGMENT_2[0] ; 5.046 ; 5.046 ; 5.046 ; 5.046 ;
; ADDR[1]    ; 7_SEGMENT_2[2] ; 4.934 ; 4.934 ; 4.934 ; 4.934 ;
; ADDR[1]    ; 7_SEGMENT_2[3] ; 5.036 ; 5.036 ; 5.036 ; 5.036 ;
; ADDR[1]    ; 7_SEGMENT_2[4] ; 4.646 ; 4.646 ; 4.646 ; 4.646 ;
; ADDR[1]    ; 7_SEGMENT_2[5] ; 4.903 ; 4.903 ; 4.903 ; 4.903 ;
; ADDR[1]    ; 7_SEGMENT_2[6] ; 4.941 ; 4.941 ; 4.941 ; 4.941 ;
; ADDR[1]    ; FLOOR[0]       ; 4.741 ; 4.741 ; 4.741 ; 4.741 ;
; ADDR[1]    ; FLOOR[1]       ; 4.815 ; 4.815 ; 4.815 ; 4.815 ;
; ADDR[1]    ; FLOOR[2]       ; 4.839 ; 4.839 ; 4.839 ; 4.839 ;
; ADDR[1]    ; O[0]           ; 4.612 ; 4.612 ; 4.612 ; 4.612 ;
; ADDR[1]    ; O[1]           ; 4.882 ; 4.882 ; 4.882 ; 4.882 ;
; ADDR[1]    ; O[2]           ; 5.160 ; 5.160 ; 5.160 ; 5.160 ;
; ADDR[1]    ; O[3]           ; 5.123 ; 5.123 ; 5.123 ; 5.123 ;
; ADDR[1]    ; VALUE[0]       ; 4.381 ; 4.381 ; 4.381 ; 4.381 ;
; ADDR[1]    ; VALUE[1]       ; 4.584 ; 4.584 ; 4.584 ; 4.584 ;
; ADDR[1]    ; VALUE[2]       ; 4.231 ; 4.231 ; 4.231 ; 4.231 ;
; ADDR[1]    ; VALUE[3]       ; 4.661 ; 4.661 ; 4.661 ; 4.661 ;
; ADDR[1]    ; VALUE[4]       ; 4.778 ; 4.778 ; 4.778 ; 4.778 ;
; ADDR[1]    ; VALUE[5]       ; 4.741 ; 4.744 ; 4.744 ; 4.741 ;
; ADDR[2]    ; 7_SEGMENT_1[0] ; 4.649 ; 4.649 ; 4.649 ; 4.649 ;
; ADDR[2]    ; 7_SEGMENT_1[1] ; 4.668 ; 4.668 ; 4.668 ; 4.668 ;
; ADDR[2]    ; 7_SEGMENT_1[2] ; 4.572 ; 4.572 ; 4.572 ; 4.572 ;
; ADDR[2]    ; 7_SEGMENT_1[3] ; 4.693 ; 4.693 ; 4.693 ; 4.693 ;
; ADDR[2]    ; 7_SEGMENT_1[4] ; 4.700 ; 4.700 ; 4.700 ; 4.700 ;
; ADDR[2]    ; 7_SEGMENT_1[5] ; 4.693 ; 4.693 ; 4.693 ; 4.693 ;
; ADDR[2]    ; 7_SEGMENT_1[6] ; 4.569 ; 4.569 ; 4.569 ; 4.569 ;
; ADDR[2]    ; 7_SEGMENT_2[0] ; 4.467 ; 4.467 ; 4.467 ; 4.467 ;
; ADDR[2]    ; 7_SEGMENT_2[2] ; 4.355 ; 4.355 ; 4.355 ; 4.355 ;
; ADDR[2]    ; 7_SEGMENT_2[3] ; 4.457 ; 4.457 ; 4.457 ; 4.457 ;
; ADDR[2]    ; 7_SEGMENT_2[4] ; 4.047 ; 4.047 ; 4.047 ; 4.047 ;
; ADDR[2]    ; 7_SEGMENT_2[5] ; 4.324 ; 4.324 ; 4.324 ; 4.324 ;
; ADDR[2]    ; 7_SEGMENT_2[6] ; 4.362 ; 4.362 ; 4.362 ; 4.362 ;
; ADDR[2]    ; FLOOR[0]       ; 4.142 ; 4.142 ; 4.142 ; 4.142 ;
; ADDR[2]    ; FLOOR[1]       ; 4.274 ; 4.274 ; 4.274 ; 4.274 ;
; ADDR[2]    ; FLOOR[2]       ; 4.846 ; 4.240 ; 4.240 ; 4.846 ;
; ADDR[2]    ; O[0]           ; 4.134 ; 4.134 ; 4.134 ; 4.134 ;
; ADDR[2]    ; O[1]           ; 4.404 ; 4.404 ; 4.404 ; 4.404 ;
; ADDR[2]    ; O[2]           ; 4.590 ; 4.590 ; 4.590 ; 4.590 ;
; ADDR[2]    ; O[3]           ; 4.552 ; 4.552 ; 4.552 ; 4.552 ;
; ADDR[2]    ; VALUE[0]       ; 3.950 ; 3.903 ; 3.903 ; 3.950 ;
; ADDR[2]    ; VALUE[1]       ; 4.326 ; 4.071 ; 4.071 ; 4.326 ;
; ADDR[2]    ; VALUE[2]       ; 4.000 ; 3.672 ; 3.672 ; 4.000 ;
; ADDR[2]    ; VALUE[3]       ; 4.670 ; 4.062 ; 4.062 ; 4.670 ;
; ADDR[2]    ; VALUE[4]       ; 4.199 ; 4.199 ; 4.199 ; 4.199 ;
; ADDR[2]    ; VALUE[5]       ; 4.705 ; 4.058 ; 4.058 ; 4.705 ;
; ADDR[3]    ; 7_SEGMENT_1[0] ; 4.884 ; 4.884 ; 4.884 ; 4.884 ;
; ADDR[3]    ; 7_SEGMENT_1[1] ; 4.903 ; 4.903 ; 4.903 ; 4.903 ;
; ADDR[3]    ; 7_SEGMENT_1[2] ; 4.807 ; 4.807 ; 4.807 ; 4.807 ;
; ADDR[3]    ; 7_SEGMENT_1[3] ; 4.928 ; 4.928 ; 4.928 ; 4.928 ;
; ADDR[3]    ; 7_SEGMENT_1[4] ; 4.935 ; 4.935 ; 4.935 ; 4.935 ;
; ADDR[3]    ; 7_SEGMENT_1[5] ; 4.928 ; 4.928 ; 4.928 ; 4.928 ;
; ADDR[3]    ; 7_SEGMENT_1[6] ; 4.804 ; 4.804 ; 4.804 ; 4.804 ;
; ADDR[3]    ; 7_SEGMENT_2[0] ; 4.525 ; 4.525 ; 4.525 ; 4.525 ;
; ADDR[3]    ; 7_SEGMENT_2[2] ; 4.405 ; 4.405 ; 4.405 ; 4.405 ;
; ADDR[3]    ; 7_SEGMENT_2[3] ; 4.515 ; 4.515 ; 4.515 ; 4.515 ;
; ADDR[3]    ; 7_SEGMENT_2[4] ; 4.273 ; 4.273 ; 4.273 ; 4.273 ;
; ADDR[3]    ; 7_SEGMENT_2[5] ; 4.381 ; 4.381 ; 4.381 ; 4.381 ;
; ADDR[3]    ; 7_SEGMENT_2[6] ; 4.481 ; 4.415 ; 4.415 ; 4.481 ;
; ADDR[3]    ; FLOOR[0]       ; 4.368 ; 4.368 ; 4.368 ; 4.368 ;
; ADDR[3]    ; FLOOR[1]       ; 4.499 ; 4.499 ; 4.499 ; 4.499 ;
; ADDR[3]    ; FLOOR[2]       ; 4.466 ; 4.589 ; 4.589 ; 4.466 ;
; ADDR[3]    ; O[0]           ; 4.369 ; 4.369 ; 4.369 ; 4.369 ;
; ADDR[3]    ; O[1]           ; 4.639 ; 4.639 ; 4.639 ; 4.639 ;
; ADDR[3]    ; O[2]           ; 4.816 ; 4.816 ; 4.816 ; 4.816 ;
; ADDR[3]    ; O[3]           ; 4.778 ; 4.778 ; 4.778 ; 4.778 ;
; ADDR[3]    ; VALUE[0]       ; 4.138 ; 4.187 ; 4.187 ; 4.138 ;
; ADDR[3]    ; VALUE[1]       ; 4.270 ; 4.398 ; 4.398 ; 4.270 ;
; ADDR[3]    ; VALUE[2]       ; 4.168 ; 3.930 ; 3.930 ; 4.168 ;
; ADDR[3]    ; VALUE[3]       ; 4.289 ; 4.412 ; 4.412 ; 4.289 ;
; ADDR[3]    ; VALUE[4]       ; 4.606 ; 4.318 ; 4.318 ; 4.606 ;
; ADDR[3]    ; VALUE[5]       ; 3.979 ; 4.060 ; 4.060 ; 3.979 ;
; ADDR[4]    ; 7_SEGMENT_1[0] ; 4.910 ; 4.910 ; 4.910 ; 4.910 ;
; ADDR[4]    ; 7_SEGMENT_1[1] ; 4.929 ; 4.929 ; 4.929 ; 4.929 ;
; ADDR[4]    ; 7_SEGMENT_1[2] ; 4.833 ; 4.833 ; 4.833 ; 4.833 ;
; ADDR[4]    ; 7_SEGMENT_1[3] ; 4.954 ; 4.954 ; 4.954 ; 4.954 ;
; ADDR[4]    ; 7_SEGMENT_1[4] ; 4.961 ; 4.961 ; 4.961 ; 4.961 ;
; ADDR[4]    ; 7_SEGMENT_1[5] ; 4.954 ; 4.954 ; 4.954 ; 4.954 ;
; ADDR[4]    ; 7_SEGMENT_1[6] ; 4.830 ; 4.830 ; 4.830 ; 4.830 ;
; ADDR[4]    ; 7_SEGMENT_2[0] ; 4.423 ; 4.423 ; 4.423 ; 4.423 ;
; ADDR[4]    ; 7_SEGMENT_2[2] ; 4.303 ; 4.303 ; 4.303 ; 4.303 ;
; ADDR[4]    ; 7_SEGMENT_2[3] ; 4.413 ; 4.413 ; 4.413 ; 4.413 ;
; ADDR[4]    ; 7_SEGMENT_2[4] ; 4.241 ; 4.241 ; 4.241 ; 4.241 ;
; ADDR[4]    ; 7_SEGMENT_2[5] ; 4.279 ; 4.279 ; 4.279 ; 4.279 ;
; ADDR[4]    ; 7_SEGMENT_2[6] ; 4.313 ; 4.313 ; 4.313 ; 4.313 ;
; ADDR[4]    ; FLOOR[0]       ; 4.402 ; 4.402 ; 4.402 ; 4.402 ;
; ADDR[4]    ; FLOOR[1]       ; 4.534 ; 4.534 ; 4.534 ; 4.534 ;
; ADDR[4]    ; FLOOR[2]       ; 4.407 ; 4.407 ; 4.407 ; 4.407 ;
; ADDR[4]    ; O[0]           ; 4.395 ; 4.395 ; 4.395 ; 4.395 ;
; ADDR[4]    ; O[1]           ; 4.665 ; 4.665 ; 4.665 ; 4.665 ;
; ADDR[4]    ; O[2]           ; 4.784 ; 4.784 ; 4.784 ; 4.784 ;
; ADDR[4]    ; O[3]           ; 4.746 ; 4.746 ; 4.746 ; 4.746 ;
; ADDR[4]    ; VALUE[0]       ; 4.276 ; 4.164 ; 4.164 ; 4.276 ;
; ADDR[4]    ; VALUE[1]       ; 4.226 ; 4.211 ; 4.211 ; 4.226 ;
; ADDR[4]    ; VALUE[2]       ; 4.027 ; 3.871 ; 3.871 ; 4.027 ;
; ADDR[4]    ; VALUE[3]       ; 4.353 ; 4.322 ; 4.322 ; 4.353 ;
; ADDR[4]    ; VALUE[4]       ; 4.347 ; 4.508 ; 4.508 ; 4.347 ;
; ADDR[4]    ; VALUE[5]       ; 3.877 ; 3.877 ; 3.877 ; 3.877 ;
; ADDR[5]    ; 7_SEGMENT_1[0] ; 5.278 ; 5.278 ; 5.278 ; 5.278 ;
; ADDR[5]    ; 7_SEGMENT_1[1] ; 5.297 ; 5.297 ; 5.297 ; 5.297 ;
; ADDR[5]    ; 7_SEGMENT_1[2] ; 5.201 ; 5.201 ; 5.201 ; 5.201 ;
; ADDR[5]    ; 7_SEGMENT_1[3] ; 5.322 ; 5.322 ; 5.322 ; 5.322 ;
; ADDR[5]    ; 7_SEGMENT_1[4] ; 5.329 ; 5.329 ; 5.329 ; 5.329 ;
; ADDR[5]    ; 7_SEGMENT_1[5] ; 5.322 ; 5.322 ; 5.322 ; 5.322 ;
; ADDR[5]    ; 7_SEGMENT_1[6] ; 5.198 ; 5.198 ; 5.198 ; 5.198 ;
; ADDR[5]    ; 7_SEGMENT_2[0] ; 4.859 ; 4.859 ; 4.859 ; 4.859 ;
; ADDR[5]    ; 7_SEGMENT_2[2] ; 4.747 ; 4.747 ; 4.747 ; 4.747 ;
; ADDR[5]    ; 7_SEGMENT_2[3] ; 4.849 ; 4.849 ; 4.849 ; 4.849 ;
; ADDR[5]    ; 7_SEGMENT_2[4] ; 4.709 ; 4.709 ; 4.709 ; 4.709 ;
; ADDR[5]    ; 7_SEGMENT_2[5] ; 4.716 ; 4.716 ; 4.716 ; 4.716 ;
; ADDR[5]    ; 7_SEGMENT_2[6] ; 4.754 ; 4.837 ; 4.837 ; 4.754 ;
; ADDR[5]    ; FLOOR[0]       ; 4.804 ; 4.804 ; 4.804 ; 4.804 ;
; ADDR[5]    ; FLOOR[1]       ; 4.936 ; 4.936 ; 4.936 ; 4.936 ;
; ADDR[5]    ; FLOOR[2]       ; 4.902 ; 4.902 ; 4.902 ; 4.902 ;
; ADDR[5]    ; O[0]           ; 4.763 ; 4.763 ; 4.763 ; 4.763 ;
; ADDR[5]    ; O[1]           ; 5.033 ; 5.033 ; 5.033 ; 5.033 ;
; ADDR[5]    ; O[2]           ; 5.252 ; 5.252 ; 5.252 ; 5.252 ;
; ADDR[5]    ; O[3]           ; 5.214 ; 5.214 ; 5.214 ; 5.214 ;
; ADDR[5]    ; VALUE[0]       ; 4.532 ; 4.532 ; 4.532 ; 4.532 ;
; ADDR[5]    ; VALUE[1]       ; 4.480 ; 4.480 ; 4.480 ; 4.480 ;
; ADDR[5]    ; VALUE[2]       ; 4.075 ; 4.075 ; 4.075 ; 4.075 ;
; ADDR[5]    ; VALUE[3]       ; 4.725 ; 4.725 ; 4.725 ; 4.725 ;
; ADDR[5]    ; VALUE[4]       ; 4.968 ; 4.591 ; 4.591 ; 4.968 ;
; ADDR[5]    ; VALUE[5]       ; 4.401 ; 4.401 ; 4.401 ; 4.401 ;
; MODE[0]    ; POP            ; 3.666 ;       ;       ; 3.666 ;
; MODE[0]    ; PUSH           ;       ; 3.655 ; 3.655 ;       ;
; MODE[1]    ; POP            ; 3.430 ;       ;       ; 3.430 ;
; MODE[1]    ; PUSH           ; 3.436 ;       ;       ; 3.436 ;
+------------+----------------+-------+-------+-------+-------+


-------------------
; Clock Transfers ;
-------------------
Nothing to report.


---------------
; Report TCCS ;
---------------
No dedicated SERDES Transmitter circuitry present in device or used in design


---------------
; Report RSKM ;
---------------
No dedicated SERDES Receiver circuitry present in device or used in design


+------------------------------------------------+
; Unconstrained Paths                            ;
+---------------------------------+-------+------+
; Property                        ; Setup ; Hold ;
+---------------------------------+-------+------+
; Illegal Clocks                  ; 0     ; 0    ;
; Unconstrained Clocks            ; 1     ; 1    ;
; Unconstrained Input Ports       ; 10    ; 10   ;
; Unconstrained Input Port Paths  ; 2468  ; 2468 ;
; Unconstrained Output Ports      ; 38    ; 38   ;
; Unconstrained Output Port Paths ; 6846  ; 6846 ;
+---------------------------------+-------+------+


+------------------------------------+
; TimeQuest Timing Analyzer Messages ;
+------------------------------------+
Warning (125092): Tcl Script File output_files/lpm_compare4.qip not found
    Info (125063): set_global_assignment -name QIP_FILE output_files/lpm_compare4.qip
Warning (125092): Tcl Script File output_files/lpm_compareASS.qip not found
    Info (125063): set_global_assignment -name QIP_FILE output_files/lpm_compareASS.qip
Info: *******************************************************************
Info: Running Quartus II 64-Bit TimeQuest Timing Analyzer
    Info: Version 13.0.1 Build 232 06/12/2013 Service Pack 1 SJ Web Edition
    Info: Processing started: Fri Nov 10 18:23:42 2017
Info: Command: quartus_sta Lab3 -c Lab3
Info: qsta_default_script.tcl version: #1
Info (11104): Parallel Compilation has detected 4 hyper-threaded processors. However, the extra hyper-threaded processors will not be used by default. Parallel Compilation will use 2 of the 2 physical processors detected instead.
Info (21077): Low junction temperature is 0 degrees C
Info (21077): High junction temperature is 85 degrees C
Info (332164): Evaluating HDL-embedded SDC commands
    Info (332165): Entity sld_jtag_hub
        Info (332166): create_clock -name altera_reserved_tck [get_ports {altera_reserved_tck}] -period 10MHz   
        Info (332166): set_clock_groups -asynchronous -group {altera_reserved_tck}
Critical Warning (332012): Synopsys Design Constraints File file not found: 'Lab3.sdc'. A Synopsys Design Constraints File is required by the TimeQuest Timing Analyzer to get proper timing constraints. Without it, the Compiler will not properly optimize the design.
Warning (332060): Node: CLK was determined to be a clock but was found without an associated clock assignment.
Info: Found TIMEQUEST_REPORT_SCRIPT_INCLUDE_DEFAULT_ANALYSIS = ON
Info: Analyzing Slow Model
Info (332140): No fmax paths to report
Info (332140): No Setup paths to report
Info (332140): No Hold paths to report
Info (332140): No Recovery paths to report
Info (332140): No Removal paths to report
Info (332146): Worst-case minimum pulse width slack is 97.531
    Info (332119):     Slack End Point TNS Clock 
    Info (332119): ========= ============= =====================
    Info (332119):    97.531         0.000 altera_reserved_tck 
Info (332001): The selected device family is not supported by the report_metastability command.
Info: Analyzing Fast Model
Warning (332060): Node: CLK was determined to be a clock but was found without an associated clock assignment.
Info (332140): No Setup paths to report
Info (332140): No Hold paths to report
Info (332140): No Recovery paths to report
Info (332140): No Removal paths to report
Info (332146): Worst-case minimum pulse width slack is 97.778
    Info (332119):     Slack End Point TNS Clock 
    Info (332119): ========= ============= =====================
    Info (332119):    97.778         0.000 altera_reserved_tck 
Info (332001): The selected device family is not supported by the report_metastability command.
Info (332102): Design is not fully constrained for setup requirements
Info (332102): Design is not fully constrained for hold requirements
Info: Quartus II 64-Bit TimeQuest Timing Analyzer was successful. 0 errors, 5 warnings
    Info: Peak virtual memory: 524 megabytes
    Info: Processing ended: Fri Nov 10 18:23:45 2017
    Info: Elapsed time: 00:00:03
    Info: Total CPU time (on all processors): 00:00:02


