Flow report for lab4
Fri Nov 24 18:09:46 2017
Quartus II 64-Bit Version 13.0.1 Build 232 06/12/2013 Service Pack 1 SJ Full Version


---------------------
; Table of Contents ;
---------------------
  1. Legal Notice
  2. Flow Summary
  3. Flow Settings
  4. Flow Non-Default Global Settings
  5. Flow Elapsed Time
  6. Flow OS Summary
  7. Flow Log
  8. Flow Messages
  9. Flow Suppressed Messages



----------------
; Legal Notice ;
----------------
Copyright (C) 1991-2013 Altera Corporation
Your use of Altera Corporation's design tools, logic functions 
and other software and tools, and its AMPP partner logic 
functions, and any output files from any of the foregoing 
(including device programming or simulation files), and any 
associated documentation or information are expressly subject 
to the terms and conditions of the Altera Program License 
Subscription Agreement, Altera MegaCore Function License 
Agreement, or other applicable license agreement, including, 
without limitation, that your use is for the sole purpose of 
programming logic devices manufactured by Altera and sold by 
Altera or its authorized distributors.  Please refer to the 
applicable agreement for further details.



+---------------------------------------------------------------------------------------+
; Flow Summary                                                                          ;
+------------------------------------+--------------------------------------------------+
; Flow Status                        ; Successful - Fri Nov 24 18:09:46 2017            ;
; Quartus II 64-Bit Version          ; 13.0.1 Build 232 06/12/2013 SP 1 SJ Full Version ;
; Revision Name                      ; lab4                                             ;
; Top-level Entity Name              ; g27_dealer_testbed                               ;
; Family                             ; Cyclone II                                       ;
; Device                             ; EP2C20F484C7                                     ;
; Timing Models                      ; Final                                            ;
; Total logic elements               ; 2,520 / 18,752 ( 13 % )                          ;
;     Total combinational functions  ; 1,497 / 18,752 ( 8 % )                           ;
;     Dedicated logic registers      ; 1,929 / 18,752 ( 10 % )                          ;
; Total registers                    ; 1929                                             ;
; Total pins                         ; 185 / 315 ( 59 % )                               ;
; Total virtual pins                 ; 0                                                ;
; Total memory bits                  ; 13,056 / 239,616 ( 5 % )                         ;
; Embedded Multiplier 9-bit elements ; 0 / 52 ( 0 % )                                   ;
; Total PLLs                         ; 0 / 4 ( 0 % )                                    ;
+------------------------------------+--------------------------------------------------+


+-----------------------------------------+
; Flow Settings                           ;
+-------------------+---------------------+
; Option            ; Setting             ;
+-------------------+---------------------+
; Start date & time ; 11/24/2017 18:08:20 ;
; Main task         ; Compilation         ;
; Revision Name     ; lab4                ;
+-------------------+---------------------+


+----------------------------------------------------------------------------------------------------------------------------------------------------------------------------------------------------------------------------------------------------------------------------------------------------------------------------------------------------------------------------------------------------------------------------------------------------------+
; Flow Non-Default Global Settings                                                                                                                                                                                                                                                                                                                                                                                                                         ;
+-------------------------------------+------------------------------------------------------------------------------------------------------------------------------------------------------------------------------------------------------------------------------------------------------------------------------------------------------------------------------------------------------------+---------------+--------------------+------------------+
; Assignment Name                     ; Value                                                                                                                                                                                                                                                                                                                                                      ; Default Value ; Entity Name        ; Section Id       ;
+-------------------------------------+------------------------------------------------------------------------------------------------------------------------------------------------------------------------------------------------------------------------------------------------------------------------------------------------------------------------------------------------------------+---------------+--------------------+------------------+
; COMPILER_SIGNATURE_ID               ; 268891671944140.151156489909948                                                                                                                                                                                                                                                                                                                            ; --            ; --                 ; --               ;
; EDA_GENERATE_FUNCTIONAL_NETLIST     ; On                                                                                                                                                                                                                                                                                                                                                         ; --            ; --                 ; eda_simulation   ;
; EDA_OUTPUT_DATA_FORMAT              ; Verilog Hdl                                                                                                                                                                                                                                                                                                                                                ; --            ; --                 ; eda_simulation   ;
; EDA_SIMULATION_TOOL                 ; ModelSim-Altera (Verilog)                                                                                                                                                                                                                                                                                                                                  ; <None>        ; --                 ; --               ;
; EDA_TIME_SCALE                      ; 1 ps                                                                                                                                                                                                                                                                                                                                                       ; --            ; --                 ; eda_simulation   ;
; ENABLE_SIGNALTAP                    ; On                                                                                                                                                                                                                                                                                                                                                         ; --            ; --                 ; --               ;
; IP_TOOL_NAME                        ; LPM_COUNTER                                                                                                                                                                                                                                                                                                                                                ; --            ; --                 ; --               ;
; IP_TOOL_NAME                        ; LPM_COUNTER                                                                                                                                                                                                                                                                                                                                                ; --            ; --                 ; --               ;
; IP_TOOL_NAME                        ; LPM_COMPARE                                                                                                                                                                                                                                                                                                                                                ; --            ; --                 ; --               ;
; IP_TOOL_NAME                        ; LPM_COMPARE                                                                                                                                                                                                                                                                                                                                                ; --            ; --                 ; --               ;
; IP_TOOL_NAME                        ; LPM_MUX                                                                                                                                                                                                                                                                                                                                                    ; --            ; --                 ; --               ;
; IP_TOOL_NAME                        ; LPM_MUX                                                                                                                                                                                                                                                                                                                                                    ; --            ; --                 ; --               ;
; IP_TOOL_NAME                        ; LPM_MUX                                                                                                                                                                                                                                                                                                                                                    ; --            ; --                 ; --               ;
; IP_TOOL_VERSION                     ; 13.0                                                                                                                                                                                                                                                                                                                                                       ; --            ; --                 ; --               ;
; IP_TOOL_VERSION                     ; 13.0                                                                                                                                                                                                                                                                                                                                                       ; --            ; --                 ; --               ;
; IP_TOOL_VERSION                     ; 13.0                                                                                                                                                                                                                                                                                                                                                       ; --            ; --                 ; --               ;
; IP_TOOL_VERSION                     ; 13.0                                                                                                                                                                                                                                                                                                                                                       ; --            ; --                 ; --               ;
; IP_TOOL_VERSION                     ; 13.0                                                                                                                                                                                                                                                                                                                                                       ; --            ; --                 ; --               ;
; IP_TOOL_VERSION                     ; 13.0                                                                                                                                                                                                                                                                                                                                                       ; --            ; --                 ; --               ;
; IP_TOOL_VERSION                     ; 13.0                                                                                                                                                                                                                                                                                                                                                       ; --            ; --                 ; --               ;
; MAX_CORE_JUNCTION_TEMP              ; 85                                                                                                                                                                                                                                                                                                                                                         ; --            ; --                 ; --               ;
; MIN_CORE_JUNCTION_TEMP              ; 0                                                                                                                                                                                                                                                                                                                                                          ; --            ; --                 ; --               ;
; MISC_FILE                           ; ../Lab3/lpm_counter0.bsf                                                                                                                                                                                                                                                                                                                                   ; --            ; --                 ; --               ;
; MISC_FILE                           ; ../Lab3/lpm_counter0.cmp                                                                                                                                                                                                                                                                                                                                   ; --            ; --                 ; --               ;
; MISC_FILE                           ; ../Lab3/lpm_counter1.bsf                                                                                                                                                                                                                                                                                                                                   ; --            ; --                 ; --               ;
; MISC_FILE                           ; ../Lab3/lpm_counter1.cmp                                                                                                                                                                                                                                                                                                                                   ; --            ; --                 ; --               ;
; MISC_FILE                           ; ../Lab3/lpm_compare1.bsf                                                                                                                                                                                                                                                                                                                                   ; --            ; --                 ; --               ;
; MISC_FILE                           ; ../Lab3/lpm_compare1.cmp                                                                                                                                                                                                                                                                                                                                   ; --            ; --                 ; --               ;
; MISC_FILE                           ; ../Lab3/lpm_compare0.bsf                                                                                                                                                                                                                                                                                                                                   ; --            ; --                 ; --               ;
; MISC_FILE                           ; ../Lab3/lpm_compare0.cmp                                                                                                                                                                                                                                                                                                                                   ; --            ; --                 ; --               ;
; MISC_FILE                           ; ../Lab3/lpm_mux0.bsf                                                                                                                                                                                                                                                                                                                                       ; --            ; --                 ; --               ;
; MISC_FILE                           ; ../Lab3/lpm_mux0.cmp                                                                                                                                                                                                                                                                                                                                       ; --            ; --                 ; --               ;
; MISC_FILE                           ; ../Lab3/lpm_mux1.bsf                                                                                                                                                                                                                                                                                                                                       ; --            ; --                 ; --               ;
; MISC_FILE                           ; ../Lab3/lpm_mux1.cmp                                                                                                                                                                                                                                                                                                                                       ; --            ; --                 ; --               ;
; MISC_FILE                           ; output_files/lpm_mux10.bsf                                                                                                                                                                                                                                                                                                                                 ; --            ; --                 ; --               ;
; MISC_FILE                           ; output_files/lpm_mux10.cmp                                                                                                                                                                                                                                                                                                                                 ; --            ; --                 ; --               ;
; PARTITION_COLOR                     ; 16764057                                                                                                                                                                                                                                                                                                                                                   ; --            ; g27_dealer_testbed ; Top              ;
; PARTITION_FITTER_PRESERVATION_LEVEL ; PLACEMENT_AND_ROUTING                                                                                                                                                                                                                                                                                                                                      ; --            ; g27_dealer_testbed ; Top              ;
; PARTITION_NETLIST_TYPE              ; SOURCE                                                                                                                                                                                                                                                                                                                                                     ; --            ; g27_dealer_testbed ; Top              ;
; POWER_BOARD_THERMAL_MODEL           ; None (CONSERVATIVE)                                                                                                                                                                                                                                                                                                                                        ; --            ; --                 ; --               ;
; POWER_PRESET_COOLING_SOLUTION       ; 23 MM HEAT SINK WITH 200 LFPM AIRFLOW                                                                                                                                                                                                                                                                                                                      ; --            ; --                 ; --               ;
; PROJECT_OUTPUT_DIRECTORY            ; output_files                                                                                                                                                                                                                                                                                                                                               ; --            ; --                 ; --               ;
; SLD_FILE                            ; P:/DSD_Labs/DSD-Labs-and-Project/Lab4/output_files/stp1_auto_stripped.stp                                                                                                                                                                                                                                                                                  ; --            ; --                 ; --               ;
; SLD_NODE_CREATOR_ID                 ; 110                                                                                                                                                                                                                                                                                                                                                        ; --            ; --                 ; auto_signaltap_0 ;
; SLD_NODE_ENTITY_NAME                ; sld_signaltap                                                                                                                                                                                                                                                                                                                                              ; --            ; --                 ; auto_signaltap_0 ;
; SLD_NODE_PARAMETER_ASSIGNMENT       ; SLD_NODE_INFO=805334528                                                                                                                                                                                                                                                                                                                                    ; --            ; --                 ; auto_signaltap_0 ;
; SLD_NODE_PARAMETER_ASSIGNMENT       ; SLD_POWER_UP_TRIGGER=0                                                                                                                                                                                                                                                                                                                                     ; --            ; --                 ; auto_signaltap_0 ;
; SLD_NODE_PARAMETER_ASSIGNMENT       ; SLD_STORAGE_QUALIFIER_INVERSION_MASK_LENGTH=0                                                                                                                                                                                                                                                                                                              ; --            ; --                 ; auto_signaltap_0 ;
; SLD_NODE_PARAMETER_ASSIGNMENT       ; SLD_SEGMENT_SIZE=128                                                                                                                                                                                                                                                                                                                                       ; --            ; --                 ; auto_signaltap_0 ;
; SLD_NODE_PARAMETER_ASSIGNMENT       ; SLD_ATTRIBUTE_MEM_MODE=OFF                                                                                                                                                                                                                                                                                                                                 ; --            ; --                 ; auto_signaltap_0 ;
; SLD_NODE_PARAMETER_ASSIGNMENT       ; SLD_STATE_FLOW_USE_GENERATED=0                                                                                                                                                                                                                                                                                                                             ; --            ; --                 ; auto_signaltap_0 ;
; SLD_NODE_PARAMETER_ASSIGNMENT       ; SLD_STATE_BITS=11                                                                                                                                                                                                                                                                                                                                          ; --            ; --                 ; auto_signaltap_0 ;
; SLD_NODE_PARAMETER_ASSIGNMENT       ; SLD_BUFFER_FULL_STOP=1                                                                                                                                                                                                                                                                                                                                     ; --            ; --                 ; auto_signaltap_0 ;
; SLD_NODE_PARAMETER_ASSIGNMENT       ; SLD_CURRENT_RESOURCE_WIDTH=1                                                                                                                                                                                                                                                                                                                               ; --            ; --                 ; auto_signaltap_0 ;
; SLD_NODE_PARAMETER_ASSIGNMENT       ; SLD_TRIGGER_LEVEL=1                                                                                                                                                                                                                                                                                                                                        ; --            ; --                 ; auto_signaltap_0 ;
; SLD_NODE_PARAMETER_ASSIGNMENT       ; SLD_SAMPLE_DEPTH=128                                                                                                                                                                                                                                                                                                                                       ; --            ; --                 ; auto_signaltap_0 ;
; SLD_NODE_PARAMETER_ASSIGNMENT       ; SLD_TRIGGER_IN_ENABLED=0                                                                                                                                                                                                                                                                                                                                   ; --            ; --                 ; auto_signaltap_0 ;
; SLD_NODE_PARAMETER_ASSIGNMENT       ; SLD_ADVANCED_TRIGGER_ENTITY=basic,1,                                                                                                                                                                                                                                                                                                                       ; --            ; --                 ; auto_signaltap_0 ;
; SLD_NODE_PARAMETER_ASSIGNMENT       ; SLD_TRIGGER_LEVEL_PIPELINE=1                                                                                                                                                                                                                                                                                                                               ; --            ; --                 ; auto_signaltap_0 ;
; SLD_NODE_PARAMETER_ASSIGNMENT       ; SLD_ENABLE_ADVANCED_TRIGGER=0                                                                                                                                                                                                                                                                                                                              ; --            ; --                 ; auto_signaltap_0 ;
; SLD_NODE_PARAMETER_ASSIGNMENT       ; SLD_DATA_BITS=102                                                                                                                                                                                                                                                                                                                                          ; --            ; --                 ; auto_signaltap_0 ;
; SLD_NODE_PARAMETER_ASSIGNMENT       ; SLD_TRIGGER_BITS=102                                                                                                                                                                                                                                                                                                                                       ; --            ; --                 ; auto_signaltap_0 ;
; SLD_NODE_PARAMETER_ASSIGNMENT       ; SLD_INVERSION_MASK=000000000000000000000000000000000000000000000000000000000000000000000000000000000000000000000000000000000000000000000000000000000000000000000000000000000000000000000000000000000000000000000000000000000000000000000000000000000000000000000000000000000000000000000000000000000000000000000000000000000000000000000000000000000000000 ; --            ; --                 ; auto_signaltap_0 ;
; SLD_NODE_PARAMETER_ASSIGNMENT       ; SLD_INVERSION_MASK_LENGTH=327                                                                                                                                                                                                                                                                                                                              ; --            ; --                 ; auto_signaltap_0 ;
; SLD_NODE_PARAMETER_ASSIGNMENT       ; SLD_NODE_CRC_LOWORD=1383                                                                                                                                                                                                                                                                                                                                   ; --            ; --                 ; auto_signaltap_0 ;
; SLD_NODE_PARAMETER_ASSIGNMENT       ; SLD_NODE_CRC_HIWORD=39150                                                                                                                                                                                                                                                                                                                                  ; --            ; --                 ; auto_signaltap_0 ;
; TOP_LEVEL_ENTITY                    ; g27_dealer_testbed                                                                                                                                                                                                                                                                                                                                         ; lab4          ; --                 ; --               ;
; USE_SIGNALTAP_FILE                  ; output_files/stp1.stp                                                                                                                                                                                                                                                                                                                                      ; --            ; --                 ; --               ;
+-------------------------------------+------------------------------------------------------------------------------------------------------------------------------------------------------------------------------------------------------------------------------------------------------------------------------------------------------------------------------------------------------------+---------------+--------------------+------------------+


+-------------------------------------------------------------------------------------------------------------------------------+
; Flow Elapsed Time                                                                                                             ;
+---------------------------+--------------+-------------------------+---------------------+------------------------------------+
; Module Name               ; Elapsed Time ; Average Processors Used ; Peak Virtual Memory ; Total CPU Time (on all processors) ;
+---------------------------+--------------+-------------------------+---------------------+------------------------------------+
; Analysis & Synthesis      ; 00:00:29     ; 1.0                     ; 606 MB              ; 00:00:12                           ;
; Fitter                    ; 00:00:15     ; 1.3                     ; 1225 MB             ; 00:00:10                           ;
; Assembler                 ; 00:00:07     ; 1.0                     ; 453 MB              ; 00:00:02                           ;
; TimeQuest Timing Analyzer ; 00:00:08     ; 1.0                     ; 494 MB              ; 00:00:02                           ;
; EDA Netlist Writer        ; 00:00:07     ; 1.0                     ; 429 MB              ; 00:00:01                           ;
; Total                     ; 00:01:06     ; --                      ; --                  ; 00:00:27                           ;
+---------------------------+--------------+-------------------------+---------------------+------------------------------------+


+----------------------------------------------------------------------------------------+
; Flow OS Summary                                                                        ;
+---------------------------+------------------+-----------+------------+----------------+
; Module Name               ; Machine Hostname ; OS Name   ; OS Version ; Processor type ;
+---------------------------+------------------+-----------+------------+----------------+
; Analysis & Synthesis      ; 156TR4060-11     ; Windows 7 ; 6.2        ; x86_64         ;
; Fitter                    ; 156TR4060-11     ; Windows 7 ; 6.2        ; x86_64         ;
; Assembler                 ; 156TR4060-11     ; Windows 7 ; 6.2        ; x86_64         ;
; TimeQuest Timing Analyzer ; 156TR4060-11     ; Windows 7 ; 6.2        ; x86_64         ;
; EDA Netlist Writer        ; 156TR4060-11     ; Windows 7 ; 6.2        ; x86_64         ;
+---------------------------+------------------+-----------+------------+----------------+


------------
; Flow Log ;
------------
quartus_map --read_settings_files=on --write_settings_files=off lab4 -c lab4
quartus_fit --read_settings_files=off --write_settings_files=off lab4 -c lab4
quartus_asm --read_settings_files=off --write_settings_files=off lab4 -c lab4
quartus_sta lab4 -c lab4
quartus_eda --read_settings_files=off --write_settings_files=off lab4 -c lab4



